Using pre-set license
Built from '2022.1/staging' branch; Version is '2022.1.14f1 (ff7e140968b4) revision 16743956'; Using compiler version '192829333'; Build Type 'Release'
OS: 'Windows 10  (10.0.18363) 64bit Professional' Language: 'en' Physical Memory: 65408 MB
BatchMode: 1, IsHumanControllingUs: 0, StartBugReporterOnCrash: 0, Is64bit: 1, IsPro: 1

COMMAND LINE ARGUMENTS:
C:\Program Files\Unity\Hub\Editor\2022.1.14f1\Editor\Unity.exe
-adb2
-batchMode
-noUpm
-name
AssetImportWorker0
-projectPath
E:/cscar/VizartsV2/UnityProject/Saloon
-logFile
Logs/AssetImportWorker0.log
-srvPort
57801
Successfully changed project path to: E:/cscar/VizartsV2/UnityProject/Saloon
E:/cscar/VizartsV2/UnityProject/Saloon
[UnityMemory] Configuration Parameters - Can be set up in boot.config
    "memorysetup-bucket-allocator-granularity=16"
    "memorysetup-bucket-allocator-bucket-count=8"
    "memorysetup-bucket-allocator-block-size=33554432"
    "memorysetup-bucket-allocator-block-count=8"
    "memorysetup-main-allocator-block-size=16777216"
    "memorysetup-thread-allocator-block-size=16777216"
    "memorysetup-gfx-main-allocator-block-size=16777216"
    "memorysetup-gfx-thread-allocator-block-size=16777216"
    "memorysetup-cache-allocator-block-size=4194304"
    "memorysetup-typetree-allocator-block-size=2097152"
    "memorysetup-profiler-bucket-allocator-granularity=16"
    "memorysetup-profiler-bucket-allocator-bucket-count=8"
    "memorysetup-profiler-bucket-allocator-block-size=33554432"
    "memorysetup-profiler-bucket-allocator-block-count=8"
    "memorysetup-profiler-allocator-block-size=16777216"
    "memorysetup-profiler-editor-allocator-block-size=1048576"
    "memorysetup-temp-allocator-size-main=16777216"
    "memorysetup-job-temp-allocator-block-size=2097152"
    "memorysetup-job-temp-allocator-block-size-background=1048576"
    "memorysetup-job-temp-allocator-reduction-small-platforms=262144"
    "memorysetup-temp-allocator-size-background-worker=32768"
    "memorysetup-temp-allocator-size-job-worker=262144"
    "memorysetup-temp-allocator-size-preload-manager=33554432"
    "memorysetup-temp-allocator-size-nav-mesh-worker=65536"
    "memorysetup-temp-allocator-size-audio-worker=65536"
    "memorysetup-temp-allocator-size-cloud-worker=32768"
    "memorysetup-temp-allocator-size-gi-baking-worker=262144"
    "memorysetup-temp-allocator-size-gfx=262144"
Refreshing native plugins compatible for Editor in 173.56 ms, found 3 plugins.
Preloading 0 native plugins for Editor in 0.00 ms.
Initialize engine version: 2022.1.14f1 (ff7e140968b4)
[Subsystems] Discovering subsystems at path C:/Program Files/Unity/Hub/Editor/2022.1.14f1/Editor/Data/Resources/UnitySubsystems
[Subsystems] Discovering subsystems at path E:/cscar/VizartsV2/UnityProject/Saloon/Assets
GfxDevice: creating device client; threaded=0; jobified=0
d3d12: loaded!
Direct3D:
    Version:         Direct3D 12 [level 12.1]
    Renderer:        NVIDIA GeForce GTX 1080 Ti (ID=0x1b06)
    Vendor:          NVIDIA
    VRAM:            11127 MB
    App VRAM Budget: 9457 MB
    Driver:          31.0.15.1694
d3d12: Profiler is enabled, but stable power state is not. GPU timing errors are expected.
Initialize mono
Mono path[0] = 'C:/Program Files/Unity/Hub/Editor/2022.1.14f1/Editor/Data/Managed'
Mono path[1] = 'C:/Program Files/Unity/Hub/Editor/2022.1.14f1/Editor/Data/MonoBleedingEdge/lib/mono/unityjit-win32'
Mono config path = 'C:/Program Files/Unity/Hub/Editor/2022.1.14f1/Editor/Data/MonoBleedingEdge/etc'
Using monoOptions --debugger-agent=transport=dt_socket,embedding=1,server=y,suspend=n,address=127.0.0.1:56308
Begin MonoManager ReloadAssembly
Registering precompiled unity dll's ...
Register platform support module: C:/Program Files/Unity/Hub/Editor/2022.1.14f1/Editor/Data/PlaybackEngines/WindowsStandaloneSupport/UnityEditor.WindowsStandalone.Extensions.dll
Registered in 0.009918 seconds.
Native extension for WindowsStandalone target not found
Refreshing native plugins compatible for Editor in 175.38 ms, found 3 plugins.
Preloading 0 native plugins for Editor in 0.00 ms.
Mono: successfully reloaded assembly
- Completed reload, in  0.853 seconds
Domain Reload Profiling:
	ReloadAssembly (853ms)
		BeginReloadAssembly (94ms)
			ExecutionOrderSort (0ms)
			DisableScriptedObjects (0ms)
			BackupInstance (0ms)
			ReleaseScriptingObjects (0ms)
			CreateAndSetChildDomain (1ms)
		EndReloadAssembly (617ms)
			LoadAssemblies (90ms)
			RebuildTransferFunctionScriptingTraits (0ms)
			SetupTypeCache (131ms)
				TypeCache.Initialize (130ms)
					TypeCache.ScanAssembly (129ms)
				ResolveRequiredComponents (1ms)
			ReleaseScriptCaches (0ms)
			RebuildScriptCaches (30ms)
			SetupLoadedEditorAssemblies (391ms)
				LogAssemblyErrors (0ms)
				InitializePlatformSupportModulesInManaged (9ms)
				SetLoadedEditorAssemblies (7ms)
				RefreshPlugins (176ms)
				BeforeProcessingInitializeOnLoad (2ms)
				ProcessInitializeOnLoadAttributes (145ms)
				ProcessInitializeOnLoadMethodAttributes (52ms)
				AfterProcessingInitializeOnLoad (0ms)
				EditorAssembliesLoaded (0ms)
			ExecutionOrderSort2 (0ms)
			AwakeInstancesAfterBackupRestoration (0ms)
Platform modules already initialized, skipping
Registering precompiled user dll's ...
Registered in 0.007420 seconds.
Begin MonoManager ReloadAssembly
Native extension for WindowsStandalone target not found
Refreshing native plugins compatible for Editor in 179.81 ms, found 3 plugins.
Preloading 0 native plugins for Editor in 0.00 ms.
Mono: successfully reloaded assembly
- Completed reload, in  1.896 seconds
Domain Reload Profiling:
	ReloadAssembly (1897ms)
		BeginReloadAssembly (144ms)
			ExecutionOrderSort (0ms)
			DisableScriptedObjects (6ms)
			BackupInstance (0ms)
			ReleaseScriptingObjects (0ms)
			CreateAndSetChildDomain (26ms)
		EndReloadAssembly (1609ms)
			LoadAssemblies (121ms)
			RebuildTransferFunctionScriptingTraits (0ms)
			SetupTypeCache (432ms)
				TypeCache.Initialize (417ms)
					TypeCache.ScanAssembly (410ms)
				ResolveRequiredComponents (15ms)
			ReleaseScriptCaches (2ms)
			RebuildScriptCaches (108ms)
			SetupLoadedEditorAssemblies (895ms)
				LogAssemblyErrors (0ms)
				InitializePlatformSupportModulesInManaged (6ms)
				SetLoadedEditorAssemblies (7ms)
				RefreshPlugins (180ms)
				BeforeProcessingInitializeOnLoad (164ms)
				ProcessInitializeOnLoadAttributes (469ms)
				ProcessInitializeOnLoadMethodAttributes (55ms)
				AfterProcessingInitializeOnLoad (13ms)
				EditorAssembliesLoaded (0ms)
			ExecutionOrderSort2 (0ms)
			AwakeInstancesAfterBackupRestoration (7ms)
Platform modules already initialized, skipping
========================================================================
Worker process is ready to serve import requests
Launched and connected shader compiler UnityShaderCompiler.exe after 0.05 seconds
Refreshing native plugins compatible for Editor in 1.64 ms, found 3 plugins.
Preloading 0 native plugins for Editor in 0.00 ms.
Unloading 6971 Unused Serialized files (Serialized files now loaded: 0)
Unloading 52 unused Assets / (1.3 MB). Loaded Objects now: 7450.
Memory consumption went from 1.10 GB to 1.10 GB.
Total: 6.281800 ms (FindLiveObjects: 0.777400 ms CreateObjectMapping: 0.231200 ms MarkObjects: 4.749600 ms  DeleteObjects: 0.522200 ms)

AssetImportParameters requested are different than current active one (requested -> active):
  custom:video-decoder-ogg-theora: a1e56fd34408186e4bbccfd4996cb3dc -> 
  custom:container-muxer-webm: aa71ff27fc2769a1b78a27578f13a17b -> 
  custom:container-demuxer-webm: 4f35f7cbe854078d1ac9338744f61a02 -> 
  custom:video-encoder-webm-vp8: eb34c28f22e8b96e1ab97ce403110664 -> 
  custom:audio-encoder-webm-vorbis: bf7c407c2cedff20999df2af8eb42d56 -> 
  custom:framework-win-MediaFoundation: 216162199b28c13a410421893ffa2e32 -> 
  custom:container-demuxer-ogg: 62fdf1f143b41e24485cea50d1cbac27 -> 
  custom:video-decoder-webm-vp8: 9c59270c3fd7afecdb556c50c9e8de78 -> 
  custom:audio-decoder-ogg-vorbis: bf7c407c2cedff20999df2af8eb42d56 -> 
========================================================================
Received Import Request.
  Time since last request: 1035475.206775 seconds.
  path: Assets/#Main/06_Assets/BackWall
  artifactKey: Guid(452bc43caa62ee94aa6e39a0a5ead8f5) Importer(815301076,1909f56bfc062723c751e8b465ee728b)
Start importing Assets/#Main/06_Assets/BackWall using Guid(452bc43caa62ee94aa6e39a0a5ead8f5) Importer(815301076,1909f56bfc062723c751e8b465ee728b)  -> (artifact id: '03f024be39838c8ee5eedfb17e43e1bb') in 0.025687 seconds 
========================================================================
Received Import Request.
  Time since last request: 9.989586 seconds.
  path: Assets/#Main/06_Assets/BackWall/Backwall_mdl.fbx
  artifactKey: Guid(7776e5b7a4dc91b4c846e02b2aa73ee8) Importer(815301076,1909f56bfc062723c751e8b465ee728b)
Start importing Assets/#Main/06_Assets/BackWall/Backwall_mdl.fbx using Guid(7776e5b7a4dc91b4c846e02b2aa73ee8) Importer(815301076,1909f56bfc062723c751e8b465ee728b) Launched and connected shader compiler UnityShaderCompiler.exe after 0.05 seconds
 -> (artifact id: 'cf87b211e3885713cda5c1312bdf1acc') in 7.617877 seconds 
========================================================================
Received Import Request.
  Time since last request: 7.801816 seconds.
  path: Assets/#Main/06_Assets/BackWall/BackWall_alb.png
  artifactKey: Guid(dddf4e7dfbe14ad42b789fc29135e116) Importer(815301076,1909f56bfc062723c751e8b465ee728b)
Start importing Assets/#Main/06_Assets/BackWall/BackWall_alb.png using Guid(dddf4e7dfbe14ad42b789fc29135e116) Importer(815301076,1909f56bfc062723c751e8b465ee728b)  -> (artifact id: 'bf574072e728025b0cfd7487f8587aae') in 0.040051 seconds 
========================================================================
Received Import Request.
  Time since last request: 80.695257 seconds.
  path: Assets/#Main/06_Assets/BackWall/BackWall_nrm.png
  artifactKey: Guid(31bafa404ac880a4c94147b4a9a87076) Importer(815301076,1909f56bfc062723c751e8b465ee728b)
Start importing Assets/#Main/06_Assets/BackWall/BackWall_nrm.png using Guid(31bafa404ac880a4c94147b4a9a87076) Importer(815301076,1909f56bfc062723c751e8b465ee728b)  -> (artifact id: 'c75d77c86fe327fd94556d65e2254146') in 0.022726 seconds 
========================================================================
Received Import Request.
  Time since last request: 0.000059 seconds.
  path: Assets/#Main/06_Assets/Beams/Beam_nrm.png
  artifactKey: Guid(e6eacfca976407d4ab0ff1b96d9a3f39) Importer(815301076,1909f56bfc062723c751e8b465ee728b)
Start importing Assets/#Main/06_Assets/Beams/Beam_nrm.png using Guid(e6eacfca976407d4ab0ff1b96d9a3f39) Importer(815301076,1909f56bfc062723c751e8b465ee728b)  -> (artifact id: 'c6bd816caabe50e65d19c5b4d84d3c32') in 0.028196 seconds 
========================================================================
Received Import Request.
  Time since last request: 0.000060 seconds.
  path: Assets/#Main/06_Assets/Bar/Bar_orm.png
  artifactKey: Guid(1e949701db66de347822b08980178ab2) Importer(815301076,1909f56bfc062723c751e8b465ee728b)
Start importing Assets/#Main/06_Assets/Bar/Bar_orm.png using Guid(1e949701db66de347822b08980178ab2) Importer(815301076,1909f56bfc062723c751e8b465ee728b)  -> (artifact id: '58623d91c37fc497a8411ef02066cb2f') in 0.021722 seconds 
========================================================================
Received Import Request.
  Time since last request: 0.000043 seconds.
  path: Assets/#Main/06_Assets/Beams/Beam_alb.png
  artifactKey: Guid(32d91794f2ad1514e8f90f4a817debe1) Importer(815301076,1909f56bfc062723c751e8b465ee728b)
Start importing Assets/#Main/06_Assets/Beams/Beam_alb.png using Guid(32d91794f2ad1514e8f90f4a817debe1) Importer(815301076,1909f56bfc062723c751e8b465ee728b)  -> (artifact id: '3b3634aeea41ca4f5635a218784f13cd') in 0.022290 seconds 
========================================================================
Received Import Request.
  Time since last request: 0.000046 seconds.
  path: Assets/#Main/06_Assets/Bar/Bar_alb.png
  artifactKey: Guid(4b755bc65db095d41b54f837154e1570) Importer(815301076,1909f56bfc062723c751e8b465ee728b)
Start importing Assets/#Main/06_Assets/Bar/Bar_alb.png using Guid(4b755bc65db095d41b54f837154e1570) Importer(815301076,1909f56bfc062723c751e8b465ee728b)  -> (artifact id: 'b3dbd053d9b84677c8296f31cf16abcf') in 0.020428 seconds 
========================================================================
Received Import Request.
  Time since last request: 0.000042 seconds.
  path: Assets/#Main/06_Assets/Bar/Bar_nrm.png
  artifactKey: Guid(f980ab923d1f27a49b538a5d1d940f11) Importer(815301076,1909f56bfc062723c751e8b465ee728b)
Start importing Assets/#Main/06_Assets/Bar/Bar_nrm.png using Guid(f980ab923d1f27a49b538a5d1d940f11) Importer(815301076,1909f56bfc062723c751e8b465ee728b)  -> (artifact id: '82664ce1b52065b6e1951bb144525b63') in 0.020922 seconds 
========================================================================
Received Import Request.
  Time since last request: 4.808232 seconds.
  path: Assets/#Main/06_Assets/BalconyFloor
  artifactKey: Guid(20ce23b876ac3554597b8c0b83531b3a) Importer(815301076,1909f56bfc062723c751e8b465ee728b)
Start importing Assets/#Main/06_Assets/BalconyFloor using Guid(20ce23b876ac3554597b8c0b83531b3a) Importer(815301076,1909f56bfc062723c751e8b465ee728b)  -> (artifact id: 'f46be96a1eedb3ea868e0927dc9ae55b') in 0.007536 seconds 
Editor requested this worker to shutdown with reason: Scaling down because of idle timeout
AssetImportWorker is now disconnected from the server
Process exiting
Exiting without the bug reporter. Application will terminate with return code 0