Using pre-set license
Built from '2022.1/staging' branch; Version is '2022.1.14f1 (ff7e140968b4) revision 16743956'; Using compiler version '192829333'; Build Type 'Release'
OS: 'Windows 10  (10.0.18363) 64bit Professional' Language: 'en' Physical Memory: 65408 MB
BatchMode: 1, IsHumanControllingUs: 0, StartBugReporterOnCrash: 0, Is64bit: 1, IsPro: 1

COMMAND LINE ARGUMENTS:
C:\Program Files\Unity\Hub\Editor\2022.1.14f1\Editor\Unity.exe
-adb2
-batchMode
-noUpm
-name
AssetImportWorker2
-projectPath
E:/cscar/VizartsV2/UnityProject/Saloon
-logFile
Logs/AssetImportWorker2.log
-srvPort
57801
Successfully changed project path to: E:/cscar/VizartsV2/UnityProject/Saloon
E:/cscar/VizartsV2/UnityProject/Saloon
[UnityMemory] Configuration Parameters - Can be set up in boot.config
    "memorysetup-bucket-allocator-granularity=16"
    "memorysetup-bucket-allocator-bucket-count=8"
    "memorysetup-bucket-allocator-block-size=33554432"
    "memorysetup-bucket-allocator-block-count=8"
    "memorysetup-main-allocator-block-size=16777216"
    "memorysetup-thread-allocator-block-size=16777216"
    "memorysetup-gfx-main-allocator-block-size=16777216"
    "memorysetup-gfx-thread-allocator-block-size=16777216"
    "memorysetup-cache-allocator-block-size=4194304"
    "memorysetup-typetree-allocator-block-size=2097152"
    "memorysetup-profiler-bucket-allocator-granularity=16"
    "memorysetup-profiler-bucket-allocator-bucket-count=8"
    "memorysetup-profiler-bucket-allocator-block-size=33554432"
    "memorysetup-profiler-bucket-allocator-block-count=8"
    "memorysetup-profiler-allocator-block-size=16777216"
    "memorysetup-profiler-editor-allocator-block-size=1048576"
    "memorysetup-temp-allocator-size-main=16777216"
    "memorysetup-job-temp-allocator-block-size=2097152"
    "memorysetup-job-temp-allocator-block-size-background=1048576"
    "memorysetup-job-temp-allocator-reduction-small-platforms=262144"
    "memorysetup-temp-allocator-size-background-worker=32768"
    "memorysetup-temp-allocator-size-job-worker=262144"
    "memorysetup-temp-allocator-size-preload-manager=33554432"
    "memorysetup-temp-allocator-size-nav-mesh-worker=65536"
    "memorysetup-temp-allocator-size-audio-worker=65536"
    "memorysetup-temp-allocator-size-cloud-worker=32768"
    "memorysetup-temp-allocator-size-gi-baking-worker=262144"
    "memorysetup-temp-allocator-size-gfx=262144"
Refreshing native plugins compatible for Editor in 172.77 ms, found 3 plugins.
Preloading 0 native plugins for Editor in 0.00 ms.
Initialize engine version: 2022.1.14f1 (ff7e140968b4)
[Subsystems] Discovering subsystems at path C:/Program Files/Unity/Hub/Editor/2022.1.14f1/Editor/Data/Resources/UnitySubsystems
[Subsystems] Discovering subsystems at path E:/cscar/VizartsV2/UnityProject/Saloon/Assets
GfxDevice: creating device client; threaded=0; jobified=0
d3d12: loaded!
Direct3D:
    Version:         Direct3D 12 [level 12.1]
    Renderer:        NVIDIA GeForce GTX 1080 Ti (ID=0x1b06)
    Vendor:          NVIDIA
    VRAM:            11127 MB
    App VRAM Budget: 9457 MB
    Driver:          31.0.15.1694
d3d12: Profiler is enabled, but stable power state is not. GPU timing errors are expected.
Initialize mono
Mono path[0] = 'C:/Program Files/Unity/Hub/Editor/2022.1.14f1/Editor/Data/Managed'
Mono path[1] = 'C:/Program Files/Unity/Hub/Editor/2022.1.14f1/Editor/Data/MonoBleedingEdge/lib/mono/unityjit-win32'
Mono config path = 'C:/Program Files/Unity/Hub/Editor/2022.1.14f1/Editor/Data/MonoBleedingEdge/etc'
Using monoOptions --debugger-agent=transport=dt_socket,embedding=1,server=y,suspend=n,address=127.0.0.1:56868
Begin MonoManager ReloadAssembly
Registering precompiled unity dll's ...
Register platform support module: C:/Program Files/Unity/Hub/Editor/2022.1.14f1/Editor/Data/PlaybackEngines/WindowsStandaloneSupport/UnityEditor.WindowsStandalone.Extensions.dll
Registered in 0.016300 seconds.
Native extension for WindowsStandalone target not found
Refreshing native plugins compatible for Editor in 173.01 ms, found 3 plugins.
Preloading 0 native plugins for Editor in 0.00 ms.
Mono: successfully reloaded assembly
- Completed reload, in  0.883 seconds
Domain Reload Profiling:
	ReloadAssembly (883ms)
		BeginReloadAssembly (108ms)
			ExecutionOrderSort (0ms)
			DisableScriptedObjects (0ms)
			BackupInstance (0ms)
			ReleaseScriptingObjects (0ms)
			CreateAndSetChildDomain (1ms)
		EndReloadAssembly (618ms)
			LoadAssemblies (103ms)
			RebuildTransferFunctionScriptingTraits (0ms)
			SetupTypeCache (127ms)
				TypeCache.Initialize (126ms)
					TypeCache.ScanAssembly (124ms)
				ResolveRequiredComponents (1ms)
			ReleaseScriptCaches (0ms)
			RebuildScriptCaches (29ms)
			SetupLoadedEditorAssemblies (396ms)
				LogAssemblyErrors (0ms)
				InitializePlatformSupportModulesInManaged (11ms)
				SetLoadedEditorAssemblies (7ms)
				RefreshPlugins (173ms)
				BeforeProcessingInitializeOnLoad (2ms)
				ProcessInitializeOnLoadAttributes (151ms)
				ProcessInitializeOnLoadMethodAttributes (52ms)
				AfterProcessingInitializeOnLoad (0ms)
				EditorAssembliesLoaded (0ms)
			ExecutionOrderSort2 (0ms)
			AwakeInstancesAfterBackupRestoration (0ms)
Platform modules already initialized, skipping
Registering precompiled user dll's ...
Registered in 0.007952 seconds.
Begin MonoManager ReloadAssembly
Native extension for WindowsStandalone target not found
Refreshing native plugins compatible for Editor in 179.28 ms, found 3 plugins.
Preloading 0 native plugins for Editor in 0.00 ms.
Mono: successfully reloaded assembly
- Completed reload, in  1.853 seconds
Domain Reload Profiling:
	ReloadAssembly (1854ms)
		BeginReloadAssembly (147ms)
			ExecutionOrderSort (0ms)
			DisableScriptedObjects (6ms)
			BackupInstance (0ms)
			ReleaseScriptingObjects (0ms)
			CreateAndSetChildDomain (23ms)
		EndReloadAssembly (1565ms)
			LoadAssemblies (126ms)
			RebuildTransferFunctionScriptingTraits (0ms)
			SetupTypeCache (411ms)
				TypeCache.Initialize (396ms)
					TypeCache.ScanAssembly (389ms)
				ResolveRequiredComponents (15ms)
			ReleaseScriptCaches (2ms)
			RebuildScriptCaches (105ms)
			SetupLoadedEditorAssemblies (878ms)
				LogAssemblyErrors (0ms)
				InitializePlatformSupportModulesInManaged (6ms)
				SetLoadedEditorAssemblies (6ms)
				RefreshPlugins (179ms)
				BeforeProcessingInitializeOnLoad (164ms)
				ProcessInitializeOnLoadAttributes (454ms)
				ProcessInitializeOnLoadMethodAttributes (55ms)
				AfterProcessingInitializeOnLoad (13ms)
				EditorAssembliesLoaded (0ms)
			ExecutionOrderSort2 (0ms)
			AwakeInstancesAfterBackupRestoration (7ms)
Platform modules already initialized, skipping
========================================================================
Worker process is ready to serve import requests
Launched and connected shader compiler UnityShaderCompiler.exe after 0.05 seconds
Refreshing native plugins compatible for Editor in 1.61 ms, found 3 plugins.
Preloading 0 native plugins for Editor in 0.00 ms.
Unloading 6971 Unused Serialized files (Serialized files now loaded: 0)
Unloading 52 unused Assets / (1.3 MB). Loaded Objects now: 7450.
Memory consumption went from 1.11 GB to 1.10 GB.
Total: 6.225700 ms (FindLiveObjects: 0.773400 ms CreateObjectMapping: 0.246800 ms MarkObjects: 4.711300 ms  DeleteObjects: 0.492600 ms)

AssetImportParameters requested are different than current active one (requested -> active):
  custom:video-decoder-ogg-theora: a1e56fd34408186e4bbccfd4996cb3dc -> 
  custom:container-muxer-webm: aa71ff27fc2769a1b78a27578f13a17b -> 
  custom:container-demuxer-webm: 4f35f7cbe854078d1ac9338744f61a02 -> 
  custom:video-encoder-webm-vp8: eb34c28f22e8b96e1ab97ce403110664 -> 
  custom:audio-encoder-webm-vorbis: bf7c407c2cedff20999df2af8eb42d56 -> 
  custom:framework-win-MediaFoundation: 216162199b28c13a410421893ffa2e32 -> 
  custom:container-demuxer-ogg: 62fdf1f143b41e24485cea50d1cbac27 -> 
  custom:video-decoder-webm-vp8: 9c59270c3fd7afecdb556c50c9e8de78 -> 
  custom:audio-decoder-ogg-vorbis: bf7c407c2cedff20999df2af8eb42d56 -> 
========================================================================
Received Import Request.
  Time since last request: 1035589.985103 seconds.
  path: Assets/#Main/06_Assets/Baluster
  artifactKey: Guid(1a16334726f49934c958a5a0ceafab2c) Importer(815301076,1909f56bfc062723c751e8b465ee728b)
Start importing Assets/#Main/06_Assets/Baluster using Guid(1a16334726f49934c958a5a0ceafab2c) Importer(815301076,1909f56bfc062723c751e8b465ee728b)  -> (artifact id: '8bfce64131a860df431b5442565f4975') in 0.023618 seconds 
========================================================================
Received Import Request.
  Time since last request: 2.027571 seconds.
  path: Assets/#Main/06_Assets/Bar
  artifactKey: Guid(39f1f6f0f1a0ed5469157683704ec668) Importer(815301076,1909f56bfc062723c751e8b465ee728b)
Start importing Assets/#Main/06_Assets/Bar using Guid(39f1f6f0f1a0ed5469157683704ec668) Importer(815301076,1909f56bfc062723c751e8b465ee728b)  -> (artifact id: '28d9b13a464f1acb0bbbffe6d3e6a9d4') in 0.007047 seconds 
========================================================================
Received Import Request.
  Time since last request: 2.178883 seconds.
  path: Assets/#Main/06_Assets/Beams
  artifactKey: Guid(db4ca1a811b23e646927ca344bf96024) Importer(815301076,1909f56bfc062723c751e8b465ee728b)
Start importing Assets/#Main/06_Assets/Beams using Guid(db4ca1a811b23e646927ca344bf96024) Importer(815301076,1909f56bfc062723c751e8b465ee728b)  -> (artifact id: '8bcebbd8e8f80d4f302d1bf820bc728d') in 0.007127 seconds 
========================================================================
Received Import Request.
  Time since last request: 2.909135 seconds.
  path: Assets/#Main/06_Assets/BottleA
  artifactKey: Guid(4f0f38ecdc97050498c8d7f549cb3b04) Importer(815301076,1909f56bfc062723c751e8b465ee728b)
Start importing Assets/#Main/06_Assets/BottleA using Guid(4f0f38ecdc97050498c8d7f549cb3b04) Importer(815301076,1909f56bfc062723c751e8b465ee728b)  -> (artifact id: 'ed1ebb3ee70d8c2200e350b320252f65') in 0.007170 seconds 
========================================================================
Received Import Request.
  Time since last request: 3.951374 seconds.
  path: Assets/#Main/06_Assets/Ceiling
  artifactKey: Guid(38f19555fecac5144b209008eaaca46a) Importer(815301076,1909f56bfc062723c751e8b465ee728b)
Start importing Assets/#Main/06_Assets/Ceiling using Guid(38f19555fecac5144b209008eaaca46a) Importer(815301076,1909f56bfc062723c751e8b465ee728b)  -> (artifact id: '883bc93fc8e5cdad06513c789cb03a90') in 0.007217 seconds 
========================================================================
Received Import Request.
  Time since last request: 3.556888 seconds.
  path: Assets/#Main/06_Assets/ChairA
  artifactKey: Guid(e5a465635aa55034396a11e39aa41e54) Importer(815301076,1909f56bfc062723c751e8b465ee728b)
Start importing Assets/#Main/06_Assets/ChairA using Guid(e5a465635aa55034396a11e39aa41e54) Importer(815301076,1909f56bfc062723c751e8b465ee728b)  -> (artifact id: '7c95451e9097950f2ec76dd884f812e9') in 0.007231 seconds 
========================================================================
Received Import Request.
  Time since last request: 3.230779 seconds.
  path: Assets/#Main/06_Assets/Chandelier
  artifactKey: Guid(720ad44ab8f2a9747acb49972d09f5af) Importer(815301076,1909f56bfc062723c751e8b465ee728b)
Start importing Assets/#Main/06_Assets/Chandelier using Guid(720ad44ab8f2a9747acb49972d09f5af) Importer(815301076,1909f56bfc062723c751e8b465ee728b)  -> (artifact id: 'fb9b752918509fb2b03cd3c77fcbe046') in 0.007174 seconds 
========================================================================
Received Import Request.
  Time since last request: 2.608167 seconds.
  path: Assets/#Main/06_Assets/Chips
  artifactKey: Guid(9722d03697f7c25489d4cf415948fcaf) Importer(815301076,1909f56bfc062723c751e8b465ee728b)
Start importing Assets/#Main/06_Assets/Chips using Guid(9722d03697f7c25489d4cf415948fcaf) Importer(815301076,1909f56bfc062723c751e8b465ee728b)  -> (artifact id: 'da76d08f729858868189dce61987c5bc') in 0.007186 seconds 
========================================================================
Received Import Request.
  Time since last request: 2.643183 seconds.
  path: Assets/#Main/06_Assets/DoorFrameBeam
  artifactKey: Guid(11888632f7df19743a86705962895102) Importer(815301076,1909f56bfc062723c751e8b465ee728b)
Start importing Assets/#Main/06_Assets/DoorFrameBeam using Guid(11888632f7df19743a86705962895102) Importer(815301076,1909f56bfc062723c751e8b465ee728b)  -> (artifact id: 'd6b75a119fa62de1ec94a370141d135d') in 0.007066 seconds 
========================================================================
Received Import Request.
  Time since last request: 2.485382 seconds.
  path: Assets/#Main/06_Assets/DoorFrameColumn
  artifactKey: Guid(d2c6f13ec6947564da1c0f8ad5a96432) Importer(815301076,1909f56bfc062723c751e8b465ee728b)
Start importing Assets/#Main/06_Assets/DoorFrameColumn using Guid(d2c6f13ec6947564da1c0f8ad5a96432) Importer(815301076,1909f56bfc062723c751e8b465ee728b)  -> (artifact id: '118bd352c10a186ef08a4ecc6e4d21d1') in 0.007342 seconds 
========================================================================
Received Import Request.
  Time since last request: 2.701734 seconds.
  path: Assets/#Main/06_Assets/FacadeWoodWall
  artifactKey: Guid(20029abaa07c8b44c8b08ef55fc7ffb1) Importer(815301076,1909f56bfc062723c751e8b465ee728b)
Start importing Assets/#Main/06_Assets/FacadeWoodWall using Guid(20029abaa07c8b44c8b08ef55fc7ffb1) Importer(815301076,1909f56bfc062723c751e8b465ee728b)  -> (artifact id: '9d5365826ed5c7120a1b0faa0ac85eb7') in 0.007266 seconds 
========================================================================
Received Import Request.
  Time since last request: 4.069454 seconds.
  path: Assets/#Main/06_Assets/FilloutBuilding
  artifactKey: Guid(302d359229ebc6d4da990b1ea6b26cae) Importer(815301076,1909f56bfc062723c751e8b465ee728b)
Start importing Assets/#Main/06_Assets/FilloutBuilding using Guid(302d359229ebc6d4da990b1ea6b26cae) Importer(815301076,1909f56bfc062723c751e8b465ee728b)  -> (artifact id: 'a06b6563d8e35428fd6eae87c1327a28') in 0.007283 seconds 
========================================================================
Received Import Request.
  Time since last request: 2.682404 seconds.
  path: Assets/#Main/06_Assets/FirstFloorDoor
  artifactKey: Guid(e45730af114d59a4fa50ccb261c939c6) Importer(815301076,1909f56bfc062723c751e8b465ee728b)
Start importing Assets/#Main/06_Assets/FirstFloorDoor using Guid(e45730af114d59a4fa50ccb261c939c6) Importer(815301076,1909f56bfc062723c751e8b465ee728b)  -> (artifact id: '678e813eec9aea5070f06ab6d26d453b') in 0.008046 seconds 
========================================================================
Received Import Request.
  Time since last request: 9.828608 seconds.
  path: Assets/#Main/06_Assets/Flag
  artifactKey: Guid(86c83441d05c83c4c8f1c84b03369013) Importer(815301076,1909f56bfc062723c751e8b465ee728b)
Start importing Assets/#Main/06_Assets/Flag using Guid(86c83441d05c83c4c8f1c84b03369013) Importer(815301076,1909f56bfc062723c751e8b465ee728b)  -> (artifact id: '9c3ec2bc772957b517f1bcbceb7c16b4') in 0.007226 seconds 
========================================================================
Received Import Request.
  Time since last request: 2.989600 seconds.
  path: Assets/#Main/06_Assets/Lantern
  artifactKey: Guid(aa51af0871d33064fb03837e887b3ff6) Importer(815301076,1909f56bfc062723c751e8b465ee728b)
Start importing Assets/#Main/06_Assets/Lantern using Guid(aa51af0871d33064fb03837e887b3ff6) Importer(815301076,1909f56bfc062723c751e8b465ee728b)  -> (artifact id: '27b63b22e142025197ec8efacd37f0e9') in 0.006995 seconds 
========================================================================
Received Import Request.
  Time since last request: 4.332647 seconds.
  path: Assets/#Main/06_Assets/Piano
  artifactKey: Guid(cb556b923ba9ef844a3a0b393f852d5f) Importer(815301076,1909f56bfc062723c751e8b465ee728b)
Start importing Assets/#Main/06_Assets/Piano using Guid(cb556b923ba9ef844a3a0b393f852d5f) Importer(815301076,1909f56bfc062723c751e8b465ee728b)  -> (artifact id: '0344c0afdd4722c32ffa45bf7ad01b95') in 0.007405 seconds 
========================================================================
Received Import Request.
  Time since last request: 5.830354 seconds.
  path: Assets/#Main/06_Assets/PlankWall
  artifactKey: Guid(e3c115857bb1032478d16f3a2efbaa65) Importer(815301076,1909f56bfc062723c751e8b465ee728b)
Start importing Assets/#Main/06_Assets/PlankWall using Guid(e3c115857bb1032478d16f3a2efbaa65) Importer(815301076,1909f56bfc062723c751e8b465ee728b)  -> (artifact id: '541d381e5633bf9300eb2baa578a20e3') in 0.007100 seconds 
========================================================================
Received Import Request.
  Time since last request: 15.009898 seconds.
  path: Assets/#Main/06_Assets/Railing
  artifactKey: Guid(fccbca4f6f2931142bb2723c389e7386) Importer(815301076,1909f56bfc062723c751e8b465ee728b)
Start importing Assets/#Main/06_Assets/Railing using Guid(fccbca4f6f2931142bb2723c389e7386) Importer(815301076,1909f56bfc062723c751e8b465ee728b)  -> (artifact id: '2deb46b399a2327e1ae8588c7cc6daee') in 0.007113 seconds 
========================================================================
Received Import Request.
  Time since last request: 8.225277 seconds.
  path: Assets/#Main/06_Assets/SaloonDoor
  artifactKey: Guid(8836e91be9de8984cbb85e044312ee7b) Importer(815301076,1909f56bfc062723c751e8b465ee728b)
Start importing Assets/#Main/06_Assets/SaloonDoor using Guid(8836e91be9de8984cbb85e044312ee7b) Importer(815301076,1909f56bfc062723c751e8b465ee728b)  -> (artifact id: 'bf4e0a21cfac34618ef315d4eadfcdf3') in 0.007250 seconds 
========================================================================
Received Import Request.
  Time since last request: 6.820774 seconds.
  path: Assets/#Main/06_Assets/SandGround
  artifactKey: Guid(09dfb903238de2844a7bacbdf7708af5) Importer(815301076,1909f56bfc062723c751e8b465ee728b)
Start importing Assets/#Main/06_Assets/SandGround using Guid(09dfb903238de2844a7bacbdf7708af5) Importer(815301076,1909f56bfc062723c751e8b465ee728b)  -> (artifact id: '18aca469eb93569ba45dee6b8967095b') in 0.007132 seconds 
========================================================================
Received Import Request.
  Time since last request: 5.605309 seconds.
  path: Assets/#Main/06_Assets/SandStoneWall
  artifactKey: Guid(81946d2d28eada442b77bf997a50e2af) Importer(815301076,1909f56bfc062723c751e8b465ee728b)
Start importing Assets/#Main/06_Assets/SandStoneWall using Guid(81946d2d28eada442b77bf997a50e2af) Importer(815301076,1909f56bfc062723c751e8b465ee728b)  -> (artifact id: '35e7865e8caf0f604b7b76678dbd5b72') in 0.008260 seconds 
========================================================================
Received Import Request.
  Time since last request: 4.072687 seconds.
  path: Assets/#Main/06_Assets/SandstoneWallPiano
  artifactKey: Guid(8ded50fd70936b047952a3843ecf671d) Importer(815301076,1909f56bfc062723c751e8b465ee728b)
Start importing Assets/#Main/06_Assets/SandstoneWallPiano using Guid(8ded50fd70936b047952a3843ecf671d) Importer(815301076,1909f56bfc062723c751e8b465ee728b)  -> (artifact id: '259208be9f509ca16c9d2ecfe34b0b2f') in 0.007058 seconds 
========================================================================
Received Import Request.
  Time since last request: 3.547725 seconds.
  path: Assets/#Main/06_Assets/Shelves
  artifactKey: Guid(f6c46938a2f75394d9df810cd8aec514) Importer(815301076,1909f56bfc062723c751e8b465ee728b)
Start importing Assets/#Main/06_Assets/Shelves using Guid(f6c46938a2f75394d9df810cd8aec514) Importer(815301076,1909f56bfc062723c751e8b465ee728b)  -> (artifact id: '4a42dba0b9ed172ab64780cd52438932') in 0.007274 seconds 
========================================================================
Received Import Request.
  Time since last request: 3.787426 seconds.
  path: Assets/#Main/06_Assets/Stair
  artifactKey: Guid(387b3da4e1216174aabb95a43050131b) Importer(815301076,1909f56bfc062723c751e8b465ee728b)
Start importing Assets/#Main/06_Assets/Stair using Guid(387b3da4e1216174aabb95a43050131b) Importer(815301076,1909f56bfc062723c751e8b465ee728b)  -> (artifact id: '2a19bf8a31d85f039c5e97027e00aa14') in 0.007082 seconds 
========================================================================
Received Import Request.
  Time since last request: 3.177779 seconds.
  path: Assets/#Main/06_Assets/SupportBeam
  artifactKey: Guid(f2e3758b8bf75254d90bc77039b36735) Importer(815301076,1909f56bfc062723c751e8b465ee728b)
Start importing Assets/#Main/06_Assets/SupportBeam using Guid(f2e3758b8bf75254d90bc77039b36735) Importer(815301076,1909f56bfc062723c751e8b465ee728b)  -> (artifact id: '25bda71b5ee1121bc63831eedb51c85e') in 0.007320 seconds 
========================================================================
Received Import Request.
  Time since last request: 4.217863 seconds.
  path: Assets/#Main/06_Assets/TableA
  artifactKey: Guid(3a6c898a862acc04d83e323448b0ea57) Importer(815301076,1909f56bfc062723c751e8b465ee728b)
Start importing Assets/#Main/06_Assets/TableA using Guid(3a6c898a862acc04d83e323448b0ea57) Importer(815301076,1909f56bfc062723c751e8b465ee728b)  -> (artifact id: 'f9dc3113fa4fc4ae92a592a645aa040f') in 0.007216 seconds 
========================================================================
Received Import Request.
  Time since last request: 4.912032 seconds.
  path: Assets/#Main/06_Assets/TableB
  artifactKey: Guid(30d5f3e9eb5b3c3438733c4e36fbcf83) Importer(815301076,1909f56bfc062723c751e8b465ee728b)
Start importing Assets/#Main/06_Assets/TableB using Guid(30d5f3e9eb5b3c3438733c4e36fbcf83) Importer(815301076,1909f56bfc062723c751e8b465ee728b)  -> (artifact id: '82496a180456f527ff33b2fba2e5c189') in 0.007281 seconds 
========================================================================
Received Import Request.
  Time since last request: 4.401493 seconds.
  path: Assets/#Main/06_Assets/TreeColumns
  artifactKey: Guid(16a984e0c14dfec449a8f563cd2d8482) Importer(815301076,1909f56bfc062723c751e8b465ee728b)
Start importing Assets/#Main/06_Assets/TreeColumns using Guid(16a984e0c14dfec449a8f563cd2d8482) Importer(815301076,1909f56bfc062723c751e8b465ee728b)  -> (artifact id: '68fc2e506b79788fde01a18231f1c116') in 0.007256 seconds 
========================================================================
Received Import Request.
  Time since last request: 84.167702 seconds.
  path: Assets/#Main/06_Assets/BalconyFloor/WoodBalcony_orm.png
  artifactKey: Guid(c384fbaeea76b9d40899977c584d51bf) Importer(815301076,1909f56bfc062723c751e8b465ee728b)
Start importing Assets/#Main/06_Assets/BalconyFloor/WoodBalcony_orm.png using Guid(c384fbaeea76b9d40899977c584d51bf) Importer(815301076,1909f56bfc062723c751e8b465ee728b)  -> (artifact id: '4142b50cac0a2acf8396cc1edb6f7c41') in 0.113610 seconds 
========================================================================
Received Import Request.
  Time since last request: 52.277265 seconds.
  path: Assets/#Main/07_Shaders
  artifactKey: Guid(8f422d03ff494444fa8186a80764e6b6) Importer(815301076,1909f56bfc062723c751e8b465ee728b)
Start importing Assets/#Main/07_Shaders using Guid(8f422d03ff494444fa8186a80764e6b6) Importer(815301076,1909f56bfc062723c751e8b465ee728b)  -> (artifact id: 'df327fecbe60572b15cecf5710f4780e') in 0.007819 seconds 
========================================================================
Received Import Request.
  Time since last request: 21.283149 seconds.
  path: Assets/#Main/07_Shaders/ORMcompatible_shd.shadergraph
  artifactKey: Guid(669422b4e2c38ee42a4e5f8e16b2892f) Importer(815301076,1909f56bfc062723c751e8b465ee728b)
Start importing Assets/#Main/07_Shaders/ORMcompatible_shd.shadergraph using Guid(669422b4e2c38ee42a4e5f8e16b2892f) Importer(815301076,1909f56bfc062723c751e8b465ee728b)  -> (artifact id: '579c2c57782a2b9bbcc4b5815839001a') in 7.695506 seconds 
========================================================================
Received Import Request.
  Time since last request: 123.334684 seconds.
  path: Assets/#Main/07_Shaders/ORMcompatible_shd.shadergraph
  artifactKey: Guid(669422b4e2c38ee42a4e5f8e16b2892f) Importer(815301076,1909f56bfc062723c751e8b465ee728b)
Start importing Assets/#Main/07_Shaders/ORMcompatible_shd.shadergraph using Guid(669422b4e2c38ee42a4e5f8e16b2892f) Importer(815301076,1909f56bfc062723c751e8b465ee728b)  -> (artifact id: 'ae5970f898e18a8b01556f70f502de0e') in 0.694742 seconds 
========================================================================
Received Import Request.
  Time since last request: 83.979827 seconds.
  path: Assets/#Main/06_Assets/BalconyFloor/WoodBalcony_alb.png
  artifactKey: Guid(c374b19225f7b8b499f9e2285813882b) Importer(815301076,1909f56bfc062723c751e8b465ee728b)
Start importing Assets/#Main/06_Assets/BalconyFloor/WoodBalcony_alb.png using Guid(c374b19225f7b8b499f9e2285813882b) Importer(815301076,1909f56bfc062723c751e8b465ee728b)  -> (artifact id: 'a2547100de9771f803f812eb77807da2') in 0.020650 seconds 
========================================================================
Received Import Request.
  Time since last request: 3.740546 seconds.
  path: Assets/#Main/06_Assets/BalconyFloor/WoodBalcony_nrm.png
  artifactKey: Guid(5fec079e0ce117847b8b52c54c554d02) Importer(815301076,1909f56bfc062723c751e8b465ee728b)
Start importing Assets/#Main/06_Assets/BalconyFloor/WoodBalcony_nrm.png using Guid(5fec079e0ce117847b8b52c54c554d02) Importer(815301076,1909f56bfc062723c751e8b465ee728b)  -> (artifact id: 'a70aec34663aa38edffe6b5a15f100cc') in 0.020637 seconds 
========================================================================
Received Import Request.
  Time since last request: 58.669286 seconds.
  path: Assets/#Main/06_Assets/Ceiling/Ceiling_mdl.fbx
  artifactKey: Guid(56057d4d7aba4e5478527c3c26b5090d) Importer(815301076,1909f56bfc062723c751e8b465ee728b)
Start importing Assets/#Main/06_Assets/Ceiling/Ceiling_mdl.fbx using Guid(56057d4d7aba4e5478527c3c26b5090d) Importer(815301076,1909f56bfc062723c751e8b465ee728b)  -> (artifact id: '74b39ce0120470285297061515f13ff6') in 0.154130 seconds 
========================================================================
Received Import Request.
  Time since last request: 10.061864 seconds.
  path: Assets/#Main/06_Assets/ChairA/ChairA_mdl.fbx
  artifactKey: Guid(f597e4ca93969c14c9985db8032017dc) Importer(815301076,1909f56bfc062723c751e8b465ee728b)
Start importing Assets/#Main/06_Assets/ChairA/ChairA_mdl.fbx using Guid(f597e4ca93969c14c9985db8032017dc) Importer(815301076,1909f56bfc062723c751e8b465ee728b)  -> (artifact id: 'eabb993042446f40ab7f5774f09fb908') in 0.049823 seconds 
========================================================================
Received Import Request.
  Time since last request: 1.377188 seconds.
  path: Assets/#Main/06_Assets/ChairA/ChairA_orm.png
  artifactKey: Guid(256d1f724f8a843448ee4d3c003db596) Importer(815301076,1909f56bfc062723c751e8b465ee728b)
Start importing Assets/#Main/06_Assets/ChairA/ChairA_orm.png using Guid(256d1f724f8a843448ee4d3c003db596) Importer(815301076,1909f56bfc062723c751e8b465ee728b)  -> (artifact id: '16dab1dcda65a9f7e8867dec5b09ff7d') in 0.019196 seconds 
========================================================================
Received Import Request.
  Time since last request: 13.809110 seconds.
  path: Assets/#Main/06_Assets/ChairA/ChairA_alb.png
  artifactKey: Guid(0414662e4710084488a03a050ca433eb) Importer(815301076,1909f56bfc062723c751e8b465ee728b)
Start importing Assets/#Main/06_Assets/ChairA/ChairA_alb.png using Guid(0414662e4710084488a03a050ca433eb) Importer(815301076,1909f56bfc062723c751e8b465ee728b)  -> (artifact id: '9384470a3490c8f525a44b57fd3c5c65') in 0.021373 seconds 
========================================================================
Received Import Request.
  Time since last request: 3.336184 seconds.
  path: Assets/#Main/06_Assets/ChairA/ChairA_nrm.png
  artifactKey: Guid(9aa7bc0bfb9693a45b5d188209c28dec) Importer(815301076,1909f56bfc062723c751e8b465ee728b)
Start importing Assets/#Main/06_Assets/ChairA/ChairA_nrm.png using Guid(9aa7bc0bfb9693a45b5d188209c28dec) Importer(815301076,1909f56bfc062723c751e8b465ee728b)  -> (artifact id: '4bfe75627d920a771ec386d87fa60526') in 0.021104 seconds 
========================================================================
Received Import Request.
  Time since last request: 31.374409 seconds.
  path: Assets/#Main/06_Assets/Chandelier/Chandelier_nrm.png
  artifactKey: Guid(ff601817148d52147bbabc16a25ffe75) Importer(815301076,1909f56bfc062723c751e8b465ee728b)
Start importing Assets/#Main/06_Assets/Chandelier/Chandelier_nrm.png using Guid(ff601817148d52147bbabc16a25ffe75) Importer(815301076,1909f56bfc062723c751e8b465ee728b)  -> (artifact id: 'ab387af41370637f6f28d3398211768d') in 0.019541 seconds 
========================================================================
Received Import Request.
  Time since last request: 13.110978 seconds.
  path: Assets/#Main/06_Assets/Chandelier/Chandelier_alb.png
  artifactKey: Guid(a0465d1c5e266ea4193c5964a5f6d8dc) Importer(815301076,1909f56bfc062723c751e8b465ee728b)
Start importing Assets/#Main/06_Assets/Chandelier/Chandelier_alb.png using Guid(a0465d1c5e266ea4193c5964a5f6d8dc) Importer(815301076,1909f56bfc062723c751e8b465ee728b)  -> (artifact id: 'e5c3923d2e7943838b600fec59f418b1') in 0.020858 seconds 
========================================================================
Received Import Request.
  Time since last request: 3.495630 seconds.
  path: Assets/#Main/06_Assets/Chandelier/Chandelier_orm.png
  artifactKey: Guid(424243a91e950f64cb9b898d2a1a6fcb) Importer(815301076,1909f56bfc062723c751e8b465ee728b)
Start importing Assets/#Main/06_Assets/Chandelier/Chandelier_orm.png using Guid(424243a91e950f64cb9b898d2a1a6fcb) Importer(815301076,1909f56bfc062723c751e8b465ee728b)  -> (artifact id: '1139b176fe2957c0c3ea18678efd02e5') in 0.019790 seconds 
========================================================================
Received Import Request.
  Time since last request: 30.492288 seconds.
  path: Assets/#Main/06_Assets/BackWall/BackWall_nrm.png
  artifactKey: Guid(31bafa404ac880a4c94147b4a9a87076) Importer(815301076,1909f56bfc062723c751e8b465ee728b)
Start importing Assets/#Main/06_Assets/BackWall/BackWall_nrm.png using Guid(31bafa404ac880a4c94147b4a9a87076) Importer(815301076,1909f56bfc062723c751e8b465ee728b)  -> (artifact id: 'c87d5a569336332a8eb406e3da3cc0b6') in 0.033144 seconds 
========================================================================
Received Import Request.
  Time since last request: 71.477289 seconds.
  path: Assets/#Main/06_Assets/Chips/Chips_alb.png
  artifactKey: Guid(eca293e692e93244da6d3bb92fb64188) Importer(815301076,1909f56bfc062723c751e8b465ee728b)
Start importing Assets/#Main/06_Assets/Chips/Chips_alb.png using Guid(eca293e692e93244da6d3bb92fb64188) Importer(815301076,1909f56bfc062723c751e8b465ee728b)  -> (artifact id: '51b3af4d372903dd7524a4c8a558ab92') in 0.022845 seconds 
========================================================================
Received Import Request.
  Time since last request: 17.038233 seconds.
  path: Assets/#Main/06_Assets/Chips/Chips_nrm.png
  artifactKey: Guid(99ec7daabb6aad24ca831d7ac9cda9f7) Importer(815301076,1909f56bfc062723c751e8b465ee728b)
Start importing Assets/#Main/06_Assets/Chips/Chips_nrm.png using Guid(99ec7daabb6aad24ca831d7ac9cda9f7) Importer(815301076,1909f56bfc062723c751e8b465ee728b)  -> (artifact id: 'c2d7061da6a1708e05f996e4896ce15a') in 0.023762 seconds 
========================================================================
Received Import Request.
  Time since last request: 1.422583 seconds.
  path: Assets/#Main/06_Assets/Chips/Chips_orm.png
  artifactKey: Guid(1f876259a4260144e92744e06a51a09a) Importer(815301076,1909f56bfc062723c751e8b465ee728b)
Start importing Assets/#Main/06_Assets/Chips/Chips_orm.png using Guid(1f876259a4260144e92744e06a51a09a) Importer(815301076,1909f56bfc062723c751e8b465ee728b)  -> (artifact id: '3ee2b7f191a0f292c549547fa35e7f97') in 0.020615 seconds 
========================================================================
Received Import Request.
  Time since last request: 23.108909 seconds.
  path: Assets/#Main/06_Assets/DoorFrameBeam/DoorFrameBeam_alb.png
  artifactKey: Guid(5cf38e9e0ea9eee4d9fac1e065a5f599) Importer(815301076,1909f56bfc062723c751e8b465ee728b)
Start importing Assets/#Main/06_Assets/DoorFrameBeam/DoorFrameBeam_alb.png using Guid(5cf38e9e0ea9eee4d9fac1e065a5f599) Importer(815301076,1909f56bfc062723c751e8b465ee728b)  -> (artifact id: 'd45797737492facc0b92e3cefd0333c5') in 0.018892 seconds 
========================================================================
Received Import Request.
  Time since last request: 17.098111 seconds.
  path: Assets/#Main/06_Assets/DoorFrameBeam/DoorFrameBeam_nrm.png
  artifactKey: Guid(7124908adbc358e4389da458e7a3e20b) Importer(815301076,1909f56bfc062723c751e8b465ee728b)
Start importing Assets/#Main/06_Assets/DoorFrameBeam/DoorFrameBeam_nrm.png using Guid(7124908adbc358e4389da458e7a3e20b) Importer(815301076,1909f56bfc062723c751e8b465ee728b)  -> (artifact id: '522849bab835d111a1df59100aa9ed63') in 0.022857 seconds 
========================================================================
Received Import Request.
  Time since last request: 1.577058 seconds.
  path: Assets/#Main/06_Assets/DoorFrameBeam/DoorFrameBeam_orm.png
  artifactKey: Guid(bd159f51ec0524f4b96ef161ef4f2fb1) Importer(815301076,1909f56bfc062723c751e8b465ee728b)
Start importing Assets/#Main/06_Assets/DoorFrameBeam/DoorFrameBeam_orm.png using Guid(bd159f51ec0524f4b96ef161ef4f2fb1) Importer(815301076,1909f56bfc062723c751e8b465ee728b)  -> (artifact id: '69a7c490bfa589a1a3a16db10363c34c') in 0.019563 seconds 
========================================================================
Received Import Request.
  Time since last request: 5.434854 seconds.
  path: Assets/#Main/06_Assets/DoorFrameColumn/DoorFrameColumn_mdl.fbx
  artifactKey: Guid(41ea98a35a3a6e84d9b25877386db0a5) Importer(815301076,1909f56bfc062723c751e8b465ee728b)
Start importing Assets/#Main/06_Assets/DoorFrameColumn/DoorFrameColumn_mdl.fbx using Guid(41ea98a35a3a6e84d9b25877386db0a5) Importer(815301076,1909f56bfc062723c751e8b465ee728b)  -> (artifact id: '828499aa92a40aa834d69d721154b45f') in 0.050036 seconds 
========================================================================
Received Import Request.
  Time since last request: 13.478495 seconds.
  path: Assets/#Main/06_Assets/DoorFrameColumn/DoorFrameColumn_alb.png
  artifactKey: Guid(5164504508c5f6a40a3b3a6254d86d08) Importer(815301076,1909f56bfc062723c751e8b465ee728b)
Start importing Assets/#Main/06_Assets/DoorFrameColumn/DoorFrameColumn_alb.png using Guid(5164504508c5f6a40a3b3a6254d86d08) Importer(815301076,1909f56bfc062723c751e8b465ee728b)  -> (artifact id: 'b89e0c9f43f2878009f09b4584a78205') in 0.020538 seconds 
========================================================================
Received Import Request.
  Time since last request: 2.053357 seconds.
  path: Assets/#Main/06_Assets/DoorFrameColumn/DoorFrameColumn_orm.png
  artifactKey: Guid(c6ebe248f66cc7643952a35ac7a9767f) Importer(815301076,1909f56bfc062723c751e8b465ee728b)
Start importing Assets/#Main/06_Assets/DoorFrameColumn/DoorFrameColumn_orm.png using Guid(c6ebe248f66cc7643952a35ac7a9767f) Importer(815301076,1909f56bfc062723c751e8b465ee728b)  -> (artifact id: '5ab0f62478b68b3afdefb6b8446e7732') in 0.018784 seconds 
========================================================================
Received Import Request.
  Time since last request: 3.304179 seconds.
  path: Assets/#Main/06_Assets/DoorFrameColumn/DoorFrameColumn_nrm.png
  artifactKey: Guid(ef2bfbbb5a91c054fb2b3954a9d4869a) Importer(815301076,1909f56bfc062723c751e8b465ee728b)
Start importing Assets/#Main/06_Assets/DoorFrameColumn/DoorFrameColumn_nrm.png using Guid(ef2bfbbb5a91c054fb2b3954a9d4869a) Importer(815301076,1909f56bfc062723c751e8b465ee728b)  -> (artifact id: 'e7d77501d558eb6d84809c0aa35fdb96') in 0.020878 seconds 
========================================================================
Received Import Request.
  Time since last request: 71.882795 seconds.
  path: Assets/#Main/06_Assets/FacadeWoodWall/FacadeWoodWall_mdl.fbx
  artifactKey: Guid(6b46a12f950834948bf68822b294e27d) Importer(815301076,1909f56bfc062723c751e8b465ee728b)
Start importing Assets/#Main/06_Assets/FacadeWoodWall/FacadeWoodWall_mdl.fbx using Guid(6b46a12f950834948bf68822b294e27d) Importer(815301076,1909f56bfc062723c751e8b465ee728b)  -> (artifact id: 'a4308189997ea95bf71a100625677c81') in 0.067728 seconds 
========================================================================
Received Import Request.
  Time since last request: 15.982659 seconds.
  path: Assets/#Main/06_Assets/FirstFloorDoor/FirstFloorDoor_alb.png
  artifactKey: Guid(c93c54e172c581743b08dd2c8fca8b7b) Importer(815301076,1909f56bfc062723c751e8b465ee728b)
Start importing Assets/#Main/06_Assets/FirstFloorDoor/FirstFloorDoor_alb.png using Guid(c93c54e172c581743b08dd2c8fca8b7b) Importer(815301076,1909f56bfc062723c751e8b465ee728b)  -> (artifact id: '2a705e3e35fe3818af231986e84c792b') in 0.019505 seconds 
========================================================================
Received Import Request.
  Time since last request: 14.118446 seconds.
  path: Assets/#Main/06_Assets/FirstFloorDoor/FirstFloorDoor_nrm.png
  artifactKey: Guid(bbd18e6e5d8846a4a9180d658b75d942) Importer(815301076,1909f56bfc062723c751e8b465ee728b)
Start importing Assets/#Main/06_Assets/FirstFloorDoor/FirstFloorDoor_nrm.png using Guid(bbd18e6e5d8846a4a9180d658b75d942) Importer(815301076,1909f56bfc062723c751e8b465ee728b)  -> (artifact id: '41ff23b9c96d829e43d1089b6eb6904b') in 0.021207 seconds 
========================================================================
Received Import Request.
  Time since last request: 1.628977 seconds.
  path: Assets/#Main/06_Assets/FirstFloorDoor/FirstFloorDoor_orm.png
  artifactKey: Guid(531736a86d5fc9c40861c21cbc790d39) Importer(815301076,1909f56bfc062723c751e8b465ee728b)
Start importing Assets/#Main/06_Assets/FirstFloorDoor/FirstFloorDoor_orm.png using Guid(531736a86d5fc9c40861c21cbc790d39) Importer(815301076,1909f56bfc062723c751e8b465ee728b)  -> (artifact id: 'e9ca9e54f9294cd14fa2f1ee78ae0d15') in 0.020005 seconds 
========================================================================
Received Import Request.
  Time since last request: 21.293894 seconds.
  path: Assets/#Main/06_Assets/Flag/Flag_nrm.png
  artifactKey: Guid(9d750d97486c6f44f8029ac4ad0c7241) Importer(815301076,1909f56bfc062723c751e8b465ee728b)
Start importing Assets/#Main/06_Assets/Flag/Flag_nrm.png using Guid(9d750d97486c6f44f8029ac4ad0c7241) Importer(815301076,1909f56bfc062723c751e8b465ee728b)  -> (artifact id: 'a27ade0c76982421f8f10464e2224ebd') in 0.020415 seconds 
========================================================================
Received Import Request.
  Time since last request: 9.505055 seconds.
  path: Assets/#Main/06_Assets/Flag/Flag_alb.png
  artifactKey: Guid(60891eacb08c8ca4cb5fcc2a6a134414) Importer(815301076,1909f56bfc062723c751e8b465ee728b)
Start importing Assets/#Main/06_Assets/Flag/Flag_alb.png using Guid(60891eacb08c8ca4cb5fcc2a6a134414) Importer(815301076,1909f56bfc062723c751e8b465ee728b)  -> (artifact id: 'ceac98ea447990cb2169bd44c1481913') in 0.021398 seconds 
========================================================================
Received Import Request.
  Time since last request: 5.253277 seconds.
  path: Assets/#Main/06_Assets/Flag/Flag_orm.png
  artifactKey: Guid(a10b05f626c26d94bbeb21b639e21808) Importer(815301076,1909f56bfc062723c751e8b465ee728b)
Start importing Assets/#Main/06_Assets/Flag/Flag_orm.png using Guid(a10b05f626c26d94bbeb21b639e21808) Importer(815301076,1909f56bfc062723c751e8b465ee728b)  -> (artifact id: '9488054f2a47ba174d139bd14660ced8') in 0.018834 seconds 
========================================================================
Received Import Request.
  Time since last request: 9.215312 seconds.
  path: Assets/#Main/06_Assets/Lantern/Lantern_nrm.png
  artifactKey: Guid(5fbe8cc4790595e4e8cfd7b14d02b286) Importer(815301076,1909f56bfc062723c751e8b465ee728b)
Start importing Assets/#Main/06_Assets/Lantern/Lantern_nrm.png using Guid(5fbe8cc4790595e4e8cfd7b14d02b286) Importer(815301076,1909f56bfc062723c751e8b465ee728b)  -> (artifact id: 'ed2b8bfc3a2d2a22168682dfde8a12b4') in 0.020676 seconds 
========================================================================
Received Import Request.
  Time since last request: 9.010570 seconds.
  path: Assets/#Main/06_Assets/Lantern/Lantern_alb.png
  artifactKey: Guid(9c1584dfe57211440ad5ee97254fb51e) Importer(815301076,1909f56bfc062723c751e8b465ee728b)
Start importing Assets/#Main/06_Assets/Lantern/Lantern_alb.png using Guid(9c1584dfe57211440ad5ee97254fb51e) Importer(815301076,1909f56bfc062723c751e8b465ee728b)  -> (artifact id: '0a7d181318405fe983f098aa689a618d') in 0.028331 seconds 
========================================================================
Received Import Request.
  Time since last request: 3.094830 seconds.
  path: Assets/#Main/06_Assets/Lantern/Lantern_orm.png
  artifactKey: Guid(31b6407e4a3d4c64e83882015c5a0ea7) Importer(815301076,1909f56bfc062723c751e8b465ee728b)
Start importing Assets/#Main/06_Assets/Lantern/Lantern_orm.png using Guid(31b6407e4a3d4c64e83882015c5a0ea7) Importer(815301076,1909f56bfc062723c751e8b465ee728b)  -> (artifact id: '650b6e0f27625ce7b722c9bcb68ded00') in 0.019398 seconds 
========================================================================
Received Import Request.
  Time since last request: 40.914048 seconds.
  path: Assets/#Main/06_Assets/Lantern/Lantern_mdl.fbx
  artifactKey: Guid(e2f1ab28bf3f8ec468978d25531d3745) Importer(815301076,1909f56bfc062723c751e8b465ee728b)
Start importing Assets/#Main/06_Assets/Lantern/Lantern_mdl.fbx using Guid(e2f1ab28bf3f8ec468978d25531d3745) Importer(815301076,1909f56bfc062723c751e8b465ee728b)  -> (artifact id: '19976b2b0b62ca9f0c2bfaf5518d0f6a') in 0.070317 seconds 
========================================================================
Received Import Request.
  Time since last request: 86.068587 seconds.
  path: Assets/#Main/06_Assets/Piano/PianoWood_orm.png
  artifactKey: Guid(5d2c39467cadbb54c932a52910d15e82) Importer(815301076,1909f56bfc062723c751e8b465ee728b)
Start importing Assets/#Main/06_Assets/Piano/PianoWood_orm.png using Guid(5d2c39467cadbb54c932a52910d15e82) Importer(815301076,1909f56bfc062723c751e8b465ee728b)  -> (artifact id: '5b5fc516cfe28eced94f9327a9a3a7fb') in 0.018888 seconds 
========================================================================
Received Import Request.
  Time since last request: 31.778346 seconds.
  path: Assets/#Main/06_Assets/Piano/Keys_alb.png
  artifactKey: Guid(76d52a0421e29784e9fec8e69f04dae2) Importer(815301076,1909f56bfc062723c751e8b465ee728b)
Start importing Assets/#Main/06_Assets/Piano/Keys_alb.png using Guid(76d52a0421e29784e9fec8e69f04dae2) Importer(815301076,1909f56bfc062723c751e8b465ee728b)  -> (artifact id: '734fef4976d279659c719ba18aa53de4') in 0.021165 seconds 
========================================================================
Received Import Request.
  Time since last request: 1.957820 seconds.
  path: Assets/#Main/06_Assets/Piano/Keys_orm.png
  artifactKey: Guid(24698e3f8e1ced94cb386ded6044c1a7) Importer(815301076,1909f56bfc062723c751e8b465ee728b)
Start importing Assets/#Main/06_Assets/Piano/Keys_orm.png using Guid(24698e3f8e1ced94cb386ded6044c1a7) Importer(815301076,1909f56bfc062723c751e8b465ee728b)  -> (artifact id: '11b8bb2b6c9831cf328b3dc48d35484b') in 0.020627 seconds 
========================================================================
Received Import Request.
  Time since last request: 1.700959 seconds.
  path: Assets/#Main/06_Assets/Piano/Keys_nrm.png
  artifactKey: Guid(31a02416a26d2f4469499ca46a5ca496) Importer(815301076,1909f56bfc062723c751e8b465ee728b)
Start importing Assets/#Main/06_Assets/Piano/Keys_nrm.png using Guid(31a02416a26d2f4469499ca46a5ca496) Importer(815301076,1909f56bfc062723c751e8b465ee728b)  -> (artifact id: 'db1f383c3976876f651310005c830345') in 0.022490 seconds 
========================================================================
Received Import Request.
  Time since last request: 56.174875 seconds.
  path: Assets/#Main/06_Assets/Piano/PianoWood_nrm.png
  artifactKey: Guid(75853d1e52dbb9c4fb57c35dcf911be5) Importer(815301076,1909f56bfc062723c751e8b465ee728b)
Start importing Assets/#Main/06_Assets/Piano/PianoWood_nrm.png using Guid(75853d1e52dbb9c4fb57c35dcf911be5) Importer(815301076,1909f56bfc062723c751e8b465ee728b)  -> (artifact id: 'c469caa23250dac550947e6f1deaa8b0') in 0.022328 seconds 
========================================================================
Received Import Request.
  Time since last request: 0.222981 seconds.
  path: Assets/#Main/06_Assets/Piano/PianoWood_alb.png
  artifactKey: Guid(1156984be8046f246be087de5bd7b0ef) Importer(815301076,1909f56bfc062723c751e8b465ee728b)
Start importing Assets/#Main/06_Assets/Piano/PianoWood_alb.png using Guid(1156984be8046f246be087de5bd7b0ef) Importer(815301076,1909f56bfc062723c751e8b465ee728b)  -> (artifact id: 'e4c983e2baa3c45fa4cea0e3e5033f22') in 0.019587 seconds 
========================================================================
Received Import Request.
  Time since last request: 27.276179 seconds.
  path: Assets/#Main/06_Assets/PlankWall/PlankWall_nrm.png
  artifactKey: Guid(e433577ff8155a84289f1dd93acb4dd3) Importer(815301076,1909f56bfc062723c751e8b465ee728b)
Start importing Assets/#Main/06_Assets/PlankWall/PlankWall_nrm.png using Guid(e433577ff8155a84289f1dd93acb4dd3) Importer(815301076,1909f56bfc062723c751e8b465ee728b)  -> (artifact id: 'd74d72eb0133d2f04e670da54a731afb') in 0.021830 seconds 
========================================================================
Received Import Request.
  Time since last request: 11.925559 seconds.
  path: Assets/#Main/06_Assets/PlankWall/PlankWall_alb.png
  artifactKey: Guid(1c2bb0b6ddf8dca4d9c0adb9c900e370) Importer(815301076,1909f56bfc062723c751e8b465ee728b)
Start importing Assets/#Main/06_Assets/PlankWall/PlankWall_alb.png using Guid(1c2bb0b6ddf8dca4d9c0adb9c900e370) Importer(815301076,1909f56bfc062723c751e8b465ee728b)  -> (artifact id: '20a36ed812737652082c639036792a03') in 0.020546 seconds 
========================================================================
Received Import Request.
  Time since last request: 4.792812 seconds.
  path: Assets/#Main/06_Assets/PlankWall/PlankWall_orm.png
  artifactKey: Guid(a30f646c5e844454ea6a378decee04bf) Importer(815301076,1909f56bfc062723c751e8b465ee728b)
Start importing Assets/#Main/06_Assets/PlankWall/PlankWall_orm.png using Guid(a30f646c5e844454ea6a378decee04bf) Importer(815301076,1909f56bfc062723c751e8b465ee728b)  -> (artifact id: 'b46975b9ef63805a866793a85d8565c3') in 0.019862 seconds 
========================================================================
Received Import Request.
  Time since last request: 58.438958 seconds.
  path: Assets/#Main/06_Assets/Piano/PianoWood_mat.mat
  artifactKey: Guid(a97a62d8080005643b672ec3b535c613) Importer(815301076,1909f56bfc062723c751e8b465ee728b)
Start importing Assets/#Main/06_Assets/Piano/PianoWood_mat.mat using Guid(a97a62d8080005643b672ec3b535c613) Importer(815301076,1909f56bfc062723c751e8b465ee728b)  -> (artifact id: '3ee5484f2505371084bb30056fa4d79b') in 0.043629 seconds 
========================================================================
Received Import Request.
  Time since last request: 0.000045 seconds.
  path: Assets/#Main/06_Assets/SandstoneWallPiano/SandstonewallPiano_mdl.fbx
  artifactKey: Guid(eb7c32d9f6bdda84c8f6e3f9a8574321) Importer(815301076,1909f56bfc062723c751e8b465ee728b)
Start importing Assets/#Main/06_Assets/SandstoneWallPiano/SandstonewallPiano_mdl.fbx using Guid(eb7c32d9f6bdda84c8f6e3f9a8574321) Importer(815301076,1909f56bfc062723c751e8b465ee728b)  -> (artifact id: '5813be1fe985b3d76e147b26325bdfa4') in 0.053706 seconds 
========================================================================
Received Import Request.
  Time since last request: 0.000061 seconds.
  path: Assets/#Main/06_Assets/Shelves/Shelves_mdl.fbx
  artifactKey: Guid(038c9ed8aee6a3740818c0e4d99fa993) Importer(815301076,1909f56bfc062723c751e8b465ee728b)
Start importing Assets/#Main/06_Assets/Shelves/Shelves_mdl.fbx using Guid(038c9ed8aee6a3740818c0e4d99fa993) Importer(815301076,1909f56bfc062723c751e8b465ee728b)  -> (artifact id: '3cf449b1c0ce1e1cf7ba9cdeb0b5e936') in 0.113606 seconds 
========================================================================
Received Import Request.
  Time since last request: 0.000042 seconds.
  path: Assets/#Main/06_Assets/Railing/Railing_mdl.fbx
  artifactKey: Guid(5575e5948bf9e714cb6c704713c0e7f3) Importer(815301076,1909f56bfc062723c751e8b465ee728b)
Start importing Assets/#Main/06_Assets/Railing/Railing_mdl.fbx using Guid(5575e5948bf9e714cb6c704713c0e7f3) Importer(815301076,1909f56bfc062723c751e8b465ee728b)  -> (artifact id: '96423ca4724edc327f3bdfac94ec1d24') in 0.050593 seconds 
========================================================================
Received Import Request.
  Time since last request: 0.000039 seconds.
  path: Assets/#Main/06_Assets/SandStoneWall/SandStoneWall_mdl.fbx
  artifactKey: Guid(aea288ad8e98784448d9c733ce436ce0) Importer(815301076,1909f56bfc062723c751e8b465ee728b)
Start importing Assets/#Main/06_Assets/SandStoneWall/SandStoneWall_mdl.fbx using Guid(aea288ad8e98784448d9c733ce436ce0) Importer(815301076,1909f56bfc062723c751e8b465ee728b)  -> (artifact id: 'c9157e692efc66491cced1a8b485340a') in 0.051825 seconds 
Editor requested this worker to shutdown with reason: Scaling down because of idle timeout
AssetImportWorker is now disconnected from the server
Process exiting
Exiting without the bug reporter. Application will terminate with return code 0