Using pre-set license
Built from '2022.1/staging' branch; Version is '2022.1.14f1 (ff7e140968b4) revision 16743956'; Using compiler version '192829333'; Build Type 'Release'
OS: 'Windows 10  (10.0.18363) 64bit Professional' Language: 'en' Physical Memory: 65408 MB
BatchMode: 1, IsHumanControllingUs: 0, StartBugReporterOnCrash: 0, Is64bit: 1, IsPro: 1

COMMAND LINE ARGUMENTS:
C:\Program Files\Unity\Hub\Editor\2022.1.14f1\Editor\Unity.exe
-adb2
-batchMode
-noUpm
-name
AssetImportWorker8
-projectPath
E:/cscar/VizartsV2/UnityProject/Saloon
-logFile
Logs/AssetImportWorker8.log
-srvPort
57801
Successfully changed project path to: E:/cscar/VizartsV2/UnityProject/Saloon
E:/cscar/VizartsV2/UnityProject/Saloon
[UnityMemory] Configuration Parameters - Can be set up in boot.config
    "memorysetup-bucket-allocator-granularity=16"
    "memorysetup-bucket-allocator-bucket-count=8"
    "memorysetup-bucket-allocator-block-size=33554432"
    "memorysetup-bucket-allocator-block-count=8"
    "memorysetup-main-allocator-block-size=16777216"
    "memorysetup-thread-allocator-block-size=16777216"
    "memorysetup-gfx-main-allocator-block-size=16777216"
    "memorysetup-gfx-thread-allocator-block-size=16777216"
    "memorysetup-cache-allocator-block-size=4194304"
    "memorysetup-typetree-allocator-block-size=2097152"
    "memorysetup-profiler-bucket-allocator-granularity=16"
    "memorysetup-profiler-bucket-allocator-bucket-count=8"
    "memorysetup-profiler-bucket-allocator-block-size=33554432"
    "memorysetup-profiler-bucket-allocator-block-count=8"
    "memorysetup-profiler-allocator-block-size=16777216"
    "memorysetup-profiler-editor-allocator-block-size=1048576"
    "memorysetup-temp-allocator-size-main=16777216"
    "memorysetup-job-temp-allocator-block-size=2097152"
    "memorysetup-job-temp-allocator-block-size-background=1048576"
    "memorysetup-job-temp-allocator-reduction-small-platforms=262144"
    "memorysetup-temp-allocator-size-background-worker=32768"
    "memorysetup-temp-allocator-size-job-worker=262144"
    "memorysetup-temp-allocator-size-preload-manager=33554432"
    "memorysetup-temp-allocator-size-nav-mesh-worker=65536"
    "memorysetup-temp-allocator-size-audio-worker=65536"
    "memorysetup-temp-allocator-size-cloud-worker=32768"
    "memorysetup-temp-allocator-size-gi-baking-worker=262144"
    "memorysetup-temp-allocator-size-gfx=262144"
Refreshing native plugins compatible for Editor in 190.48 ms, found 3 plugins.
Preloading 0 native plugins for Editor in 0.00 ms.
Initialize engine version: 2022.1.14f1 (ff7e140968b4)
[Subsystems] Discovering subsystems at path C:/Program Files/Unity/Hub/Editor/2022.1.14f1/Editor/Data/Resources/UnitySubsystems
[Subsystems] Discovering subsystems at path E:/cscar/VizartsV2/UnityProject/Saloon/Assets
GfxDevice: creating device client; threaded=0; jobified=0
d3d12: loaded!
Direct3D:
    Version:         Direct3D 12 [level 12.1]
    Renderer:        NVIDIA GeForce GTX 1080 Ti (ID=0x1b06)
    Vendor:          NVIDIA
    VRAM:            11127 MB
    App VRAM Budget: 9457 MB
    Driver:          31.0.15.1694
d3d12: Profiler is enabled, but stable power state is not. GPU timing errors are expected.
Initialize mono
Mono path[0] = 'C:/Program Files/Unity/Hub/Editor/2022.1.14f1/Editor/Data/Managed'
Mono path[1] = 'C:/Program Files/Unity/Hub/Editor/2022.1.14f1/Editor/Data/MonoBleedingEdge/lib/mono/unityjit-win32'
Mono config path = 'C:/Program Files/Unity/Hub/Editor/2022.1.14f1/Editor/Data/MonoBleedingEdge/etc'
Using monoOptions --debugger-agent=transport=dt_socket,embedding=1,server=y,suspend=n,address=127.0.0.1:56268
Begin MonoManager ReloadAssembly
Registering precompiled unity dll's ...
Register platform support module: C:/Program Files/Unity/Hub/Editor/2022.1.14f1/Editor/Data/PlaybackEngines/WindowsStandaloneSupport/UnityEditor.WindowsStandalone.Extensions.dll
Registered in 0.011028 seconds.
Native extension for WindowsStandalone target not found
Refreshing native plugins compatible for Editor in 190.96 ms, found 3 plugins.
Preloading 0 native plugins for Editor in 0.00 ms.
Mono: successfully reloaded assembly
- Completed reload, in  0.929 seconds
Domain Reload Profiling:
	ReloadAssembly (929ms)
		BeginReloadAssembly (100ms)
			ExecutionOrderSort (0ms)
			DisableScriptedObjects (0ms)
			BackupInstance (0ms)
			ReleaseScriptingObjects (0ms)
			CreateAndSetChildDomain (1ms)
		EndReloadAssembly (675ms)
			LoadAssemblies (95ms)
			RebuildTransferFunctionScriptingTraits (0ms)
			SetupTypeCache (140ms)
				TypeCache.Initialize (139ms)
					TypeCache.ScanAssembly (137ms)
				ResolveRequiredComponents (1ms)
			ReleaseScriptCaches (0ms)
			RebuildScriptCaches (32ms)
			SetupLoadedEditorAssemblies (435ms)
				LogAssemblyErrors (0ms)
				InitializePlatformSupportModulesInManaged (11ms)
				SetLoadedEditorAssemblies (8ms)
				RefreshPlugins (191ms)
				BeforeProcessingInitializeOnLoad (2ms)
				ProcessInitializeOnLoadAttributes (165ms)
				ProcessInitializeOnLoadMethodAttributes (57ms)
				AfterProcessingInitializeOnLoad (0ms)
				EditorAssembliesLoaded (0ms)
			ExecutionOrderSort2 (0ms)
			AwakeInstancesAfterBackupRestoration (0ms)
Platform modules already initialized, skipping
Registering precompiled user dll's ...
Registered in 0.007595 seconds.
Begin MonoManager ReloadAssembly
Native extension for WindowsStandalone target not found
Refreshing native plugins compatible for Editor in 183.82 ms, found 3 plugins.
Preloading 0 native plugins for Editor in 0.00 ms.
Mono: successfully reloaded assembly
- Completed reload, in  1.983 seconds
Domain Reload Profiling:
	ReloadAssembly (1984ms)
		BeginReloadAssembly (159ms)
			ExecutionOrderSort (0ms)
			DisableScriptedObjects (7ms)
			BackupInstance (0ms)
			ReleaseScriptingObjects (0ms)
			CreateAndSetChildDomain (27ms)
		EndReloadAssembly (1671ms)
			LoadAssemblies (127ms)
			RebuildTransferFunctionScriptingTraits (0ms)
			SetupTypeCache (456ms)
				TypeCache.Initialize (441ms)
					TypeCache.ScanAssembly (433ms)
				ResolveRequiredComponents (15ms)
			ReleaseScriptCaches (2ms)
			RebuildScriptCaches (118ms)
			SetupLoadedEditorAssemblies (920ms)
				LogAssemblyErrors (0ms)
				InitializePlatformSupportModulesInManaged (6ms)
				SetLoadedEditorAssemblies (6ms)
				RefreshPlugins (184ms)
				BeforeProcessingInitializeOnLoad (167ms)
				ProcessInitializeOnLoadAttributes (479ms)
				ProcessInitializeOnLoadMethodAttributes (65ms)
				AfterProcessingInitializeOnLoad (13ms)
				EditorAssembliesLoaded (0ms)
			ExecutionOrderSort2 (0ms)
			AwakeInstancesAfterBackupRestoration (7ms)
Platform modules already initialized, skipping
========================================================================
Worker process is ready to serve import requests
Launched and connected shader compiler UnityShaderCompiler.exe after 0.05 seconds
Refreshing native plugins compatible for Editor in 1.76 ms, found 3 plugins.
Preloading 0 native plugins for Editor in 0.00 ms.
Unloading 6972 Unused Serialized files (Serialized files now loaded: 0)
Unloading 52 unused Assets / (1.3 MB). Loaded Objects now: 7469.
Memory consumption went from 1.12 GB to 1.12 GB.
Total: 7.025300 ms (FindLiveObjects: 0.844300 ms CreateObjectMapping: 0.279000 ms MarkObjects: 5.375500 ms  DeleteObjects: 0.525200 ms)

AssetImportParameters requested are different than current active one (requested -> active):
  custom:video-decoder-ogg-theora: a1e56fd34408186e4bbccfd4996cb3dc -> 
  custom:container-muxer-webm: aa71ff27fc2769a1b78a27578f13a17b -> 
  custom:container-demuxer-webm: 4f35f7cbe854078d1ac9338744f61a02 -> 
  custom:video-encoder-webm-vp8: eb34c28f22e8b96e1ab97ce403110664 -> 
  custom:audio-encoder-webm-vorbis: bf7c407c2cedff20999df2af8eb42d56 -> 
  custom:framework-win-MediaFoundation: 216162199b28c13a410421893ffa2e32 -> 
  custom:container-demuxer-ogg: 62fdf1f143b41e24485cea50d1cbac27 -> 
  custom:video-decoder-webm-vp8: 9c59270c3fd7afecdb556c50c9e8de78 -> 
  custom:audio-decoder-ogg-vorbis: bf7c407c2cedff20999df2af8eb42d56 -> 
========================================================================
Received Import Request.
  Time since last request: 1038990.030570 seconds.
  path: Assets/#Main/06_Assets/FacadeWoodWall/PlankWall_nrm.png
  artifactKey: Guid(88600ab0705e59d4e9155e561e1bd4a6) Importer(815301076,1909f56bfc062723c751e8b465ee728b)
Start importing Assets/#Main/06_Assets/FacadeWoodWall/PlankWall_nrm.png using Guid(88600ab0705e59d4e9155e561e1bd4a6) Importer(815301076,1909f56bfc062723c751e8b465ee728b)  -> (artifact id: '623dc68b433296b03f78b7c6613cbf89') in 0.134600 seconds 
========================================================================
Received Import Request.
  Time since last request: 11.156513 seconds.
  path: Assets/#Main/06_Assets/FacadeWoodWall/PlankWall_alb.png
  artifactKey: Guid(5ee08a66b1d056d4b97a5d81f9cec5bf) Importer(815301076,1909f56bfc062723c751e8b465ee728b)
Start importing Assets/#Main/06_Assets/FacadeWoodWall/PlankWall_alb.png using Guid(5ee08a66b1d056d4b97a5d81f9cec5bf) Importer(815301076,1909f56bfc062723c751e8b465ee728b)  -> (artifact id: '85dc6a49616b9eac385afa74117d33b3') in 0.021449 seconds 
========================================================================
Received Import Request.
  Time since last request: 2.586643 seconds.
  path: Assets/#Main/06_Assets/FacadeWoodWall/PlankWall_orm.png
  artifactKey: Guid(e390320eee4fc874c9602b214fba5337) Importer(815301076,1909f56bfc062723c751e8b465ee728b)
Start importing Assets/#Main/06_Assets/FacadeWoodWall/PlankWall_orm.png using Guid(e390320eee4fc874c9602b214fba5337) Importer(815301076,1909f56bfc062723c751e8b465ee728b)  -> (artifact id: 'd18eeaefa1376bb2e8791b6660f9b117') in 0.022666 seconds 
========================================================================
Received Import Request.
  Time since last request: 2560.419192 seconds.
  path: Assets/#Main/02_Models
  artifactKey: Guid(abb7b5e9f9909fc43a96d7d7f2a1cded) Importer(815301076,1909f56bfc062723c751e8b465ee728b)
Start importing Assets/#Main/02_Models using Guid(abb7b5e9f9909fc43a96d7d7f2a1cded) Importer(815301076,1909f56bfc062723c751e8b465ee728b)  -> (artifact id: '89dd43fd2f7a0ef3938925bf42f46daf') in 0.007773 seconds 
========================================================================
Received Import Request.
  Time since last request: 18.020583 seconds.
  path: Assets/#Main/04_Textures
  artifactKey: Guid(d4961c1d11e9a0045b57f21518e3445f) Importer(815301076,1909f56bfc062723c751e8b465ee728b)
Start importing Assets/#Main/04_Textures using Guid(d4961c1d11e9a0045b57f21518e3445f) Importer(815301076,1909f56bfc062723c751e8b465ee728b)  -> (artifact id: 'dac67d742122613888a2dbf30d701673') in 0.007695 seconds 
========================================================================
Received Import Request.
  Time since last request: 0.614065 seconds.
  path: Assets/#Main/04_Textures/goegap_hdr.exr
  artifactKey: Guid(c346bacdf6c17ce4e877d421f5f020f1) Importer(815301076,1909f56bfc062723c751e8b465ee728b)
Start importing Assets/#Main/04_Textures/goegap_hdr.exr using Guid(c346bacdf6c17ce4e877d421f5f020f1) Importer(815301076,1909f56bfc062723c751e8b465ee728b)  -> (artifact id: '903836774ac8807897ecaf9ca4ced81c') in 0.024423 seconds 
========================================================================
Received Import Request.
  Time since last request: 25.109898 seconds.
  path: Assets/#Main/04_Textures/goegap_hdr.exr
  artifactKey: Guid(c346bacdf6c17ce4e877d421f5f020f1) Importer(815301076,1909f56bfc062723c751e8b465ee728b)
Start importing Assets/#Main/04_Textures/goegap_hdr.exr using Guid(c346bacdf6c17ce4e877d421f5f020f1) Importer(815301076,1909f56bfc062723c751e8b465ee728b) d3d12: upload buffer was full! Waited for COPY queue for 1.545 ms.
d3d12: upload buffer was full! Waited for COPY queue for 1.430 ms.
 -> (artifact id: '60a2f2b07a58d016e5855b2bd43f7f36') in 1.960085 seconds 
========================================================================
Received Import Request.
  Time since last request: 137.913955 seconds.
  path: Assets/#Main/04_Textures/goegap_hdr.exr
  artifactKey: Guid(c346bacdf6c17ce4e877d421f5f020f1) Importer(815301076,1909f56bfc062723c751e8b465ee728b)
Start importing Assets/#Main/04_Textures/goegap_hdr.exr using Guid(c346bacdf6c17ce4e877d421f5f020f1) Importer(815301076,1909f56bfc062723c751e8b465ee728b) d3d12: upload buffer was full! Waited for COPY queue for 1.386 ms.
d3d12: upload buffer was full! Waited for COPY queue for 1.402 ms.
 -> (artifact id: '0d52982c241e11514f9434f60954ceba') in 0.059956 seconds 
========================================================================
Received Import Request.
  Time since last request: 796.733931 seconds.
  path: Assets/#Main/10_HDRPassets/RTX-ON.asset
  artifactKey: Guid(ad54ef4b578ac11419c6fc00f4f55a17) Importer(815301076,1909f56bfc062723c751e8b465ee728b)
Start importing Assets/#Main/10_HDRPassets/RTX-ON.asset using Guid(ad54ef4b578ac11419c6fc00f4f55a17) Importer(815301076,1909f56bfc062723c751e8b465ee728b)  -> (artifact id: 'af8bc9231c4319b425887d9c4d3369ab') in 0.013830 seconds 
