Using pre-set license
Built from '2022.1/staging' branch; Version is '2022.1.14f1 (ff7e140968b4) revision 16743956'; Using compiler version '192829333'; Build Type 'Release'
OS: 'Windows 10  (10.0.18363) 64bit Professional' Language: 'en' Physical Memory: 65408 MB
BatchMode: 1, IsHumanControllingUs: 0, StartBugReporterOnCrash: 0, Is64bit: 1, IsPro: 1

COMMAND LINE ARGUMENTS:
C:\Program Files\Unity\Hub\Editor\2022.1.14f1\Editor\Unity.exe
-adb2
-batchMode
-noUpm
-name
AssetImportWorker4
-projectPath
E:/cscar/VizartsV2/UnityProject/Saloon
-logFile
Logs/AssetImportWorker4.log
-srvPort
57801
Successfully changed project path to: E:/cscar/VizartsV2/UnityProject/Saloon
E:/cscar/VizartsV2/UnityProject/Saloon
[UnityMemory] Configuration Parameters - Can be set up in boot.config
    "memorysetup-bucket-allocator-granularity=16"
    "memorysetup-bucket-allocator-bucket-count=8"
    "memorysetup-bucket-allocator-block-size=33554432"
    "memorysetup-bucket-allocator-block-count=8"
    "memorysetup-main-allocator-block-size=16777216"
    "memorysetup-thread-allocator-block-size=16777216"
    "memorysetup-gfx-main-allocator-block-size=16777216"
    "memorysetup-gfx-thread-allocator-block-size=16777216"
    "memorysetup-cache-allocator-block-size=4194304"
    "memorysetup-typetree-allocator-block-size=2097152"
    "memorysetup-profiler-bucket-allocator-granularity=16"
    "memorysetup-profiler-bucket-allocator-bucket-count=8"
    "memorysetup-profiler-bucket-allocator-block-size=33554432"
    "memorysetup-profiler-bucket-allocator-block-count=8"
    "memorysetup-profiler-allocator-block-size=16777216"
    "memorysetup-profiler-editor-allocator-block-size=1048576"
    "memorysetup-temp-allocator-size-main=16777216"
    "memorysetup-job-temp-allocator-block-size=2097152"
    "memorysetup-job-temp-allocator-block-size-background=1048576"
    "memorysetup-job-temp-allocator-reduction-small-platforms=262144"
    "memorysetup-temp-allocator-size-background-worker=32768"
    "memorysetup-temp-allocator-size-job-worker=262144"
    "memorysetup-temp-allocator-size-preload-manager=33554432"
    "memorysetup-temp-allocator-size-nav-mesh-worker=65536"
    "memorysetup-temp-allocator-size-audio-worker=65536"
    "memorysetup-temp-allocator-size-cloud-worker=32768"
    "memorysetup-temp-allocator-size-gi-baking-worker=262144"
    "memorysetup-temp-allocator-size-gfx=262144"
Refreshing native plugins compatible for Editor in 181.39 ms, found 3 plugins.
Preloading 0 native plugins for Editor in 0.00 ms.
Initialize engine version: 2022.1.14f1 (ff7e140968b4)
[Subsystems] Discovering subsystems at path C:/Program Files/Unity/Hub/Editor/2022.1.14f1/Editor/Data/Resources/UnitySubsystems
[Subsystems] Discovering subsystems at path E:/cscar/VizartsV2/UnityProject/Saloon/Assets
GfxDevice: creating device client; threaded=0; jobified=0
d3d12: loaded!
Direct3D:
    Version:         Direct3D 12 [level 12.1]
    Renderer:        NVIDIA GeForce GTX 1080 Ti (ID=0x1b06)
    Vendor:          NVIDIA
    VRAM:            11127 MB
    App VRAM Budget: 9457 MB
    Driver:          31.0.15.1694
d3d12: Profiler is enabled, but stable power state is not. GPU timing errors are expected.
Initialize mono
Mono path[0] = 'C:/Program Files/Unity/Hub/Editor/2022.1.14f1/Editor/Data/Managed'
Mono path[1] = 'C:/Program Files/Unity/Hub/Editor/2022.1.14f1/Editor/Data/MonoBleedingEdge/lib/mono/unityjit-win32'
Mono config path = 'C:/Program Files/Unity/Hub/Editor/2022.1.14f1/Editor/Data/MonoBleedingEdge/etc'
Using monoOptions --debugger-agent=transport=dt_socket,embedding=1,server=y,suspend=n,address=127.0.0.1:56768
Begin MonoManager ReloadAssembly
Registering precompiled unity dll's ...
Register platform support module: C:/Program Files/Unity/Hub/Editor/2022.1.14f1/Editor/Data/PlaybackEngines/WindowsStandaloneSupport/UnityEditor.WindowsStandalone.Extensions.dll
Registered in 0.009912 seconds.
Native extension for WindowsStandalone target not found
Refreshing native plugins compatible for Editor in 175.42 ms, found 3 plugins.
Preloading 0 native plugins for Editor in 0.00 ms.
Mono: successfully reloaded assembly
- Completed reload, in  0.856 seconds
Domain Reload Profiling:
	ReloadAssembly (856ms)
		BeginReloadAssembly (94ms)
			ExecutionOrderSort (0ms)
			DisableScriptedObjects (0ms)
			BackupInstance (0ms)
			ReleaseScriptingObjects (0ms)
			CreateAndSetChildDomain (1ms)
		EndReloadAssembly (625ms)
			LoadAssemblies (89ms)
			RebuildTransferFunctionScriptingTraits (0ms)
			SetupTypeCache (133ms)
				TypeCache.Initialize (132ms)
					TypeCache.ScanAssembly (130ms)
				ResolveRequiredComponents (1ms)
			ReleaseScriptCaches (0ms)
			RebuildScriptCaches (30ms)
			SetupLoadedEditorAssemblies (397ms)
				LogAssemblyErrors (0ms)
				InitializePlatformSupportModulesInManaged (10ms)
				SetLoadedEditorAssemblies (7ms)
				RefreshPlugins (176ms)
				BeforeProcessingInitializeOnLoad (2ms)
				ProcessInitializeOnLoadAttributes (148ms)
				ProcessInitializeOnLoadMethodAttributes (54ms)
				AfterProcessingInitializeOnLoad (0ms)
				EditorAssembliesLoaded (0ms)
			ExecutionOrderSort2 (0ms)
			AwakeInstancesAfterBackupRestoration (0ms)
Platform modules already initialized, skipping
Registering precompiled user dll's ...
Registered in 0.006826 seconds.
Begin MonoManager ReloadAssembly
Native extension for WindowsStandalone target not found
Refreshing native plugins compatible for Editor in 181.96 ms, found 3 plugins.
Preloading 0 native plugins for Editor in 0.00 ms.
Mono: successfully reloaded assembly
- Completed reload, in  1.912 seconds
Domain Reload Profiling:
	ReloadAssembly (1913ms)
		BeginReloadAssembly (147ms)
			ExecutionOrderSort (0ms)
			DisableScriptedObjects (6ms)
			BackupInstance (0ms)
			ReleaseScriptingObjects (0ms)
			CreateAndSetChildDomain (26ms)
		EndReloadAssembly (1620ms)
			LoadAssemblies (124ms)
			RebuildTransferFunctionScriptingTraits (0ms)
			SetupTypeCache (428ms)
				TypeCache.Initialize (413ms)
					TypeCache.ScanAssembly (405ms)
				ResolveRequiredComponents (15ms)
			ReleaseScriptCaches (2ms)
			RebuildScriptCaches (110ms)
			SetupLoadedEditorAssemblies (905ms)
				LogAssemblyErrors (0ms)
				InitializePlatformSupportModulesInManaged (6ms)
				SetLoadedEditorAssemblies (6ms)
				RefreshPlugins (182ms)
				BeforeProcessingInitializeOnLoad (164ms)
				ProcessInitializeOnLoadAttributes (479ms)
				ProcessInitializeOnLoadMethodAttributes (55ms)
				AfterProcessingInitializeOnLoad (13ms)
				EditorAssembliesLoaded (0ms)
			ExecutionOrderSort2 (0ms)
			AwakeInstancesAfterBackupRestoration (7ms)
Platform modules already initialized, skipping
========================================================================
Worker process is ready to serve import requests
Launched and connected shader compiler UnityShaderCompiler.exe after 0.05 seconds
Refreshing native plugins compatible for Editor in 1.68 ms, found 3 plugins.
Preloading 0 native plugins for Editor in 0.00 ms.
Unloading 6972 Unused Serialized files (Serialized files now loaded: 0)
Unloading 52 unused Assets / (1.3 MB). Loaded Objects now: 7452.
Memory consumption went from 1.11 GB to 1.10 GB.
Total: 6.264800 ms (FindLiveObjects: 0.802300 ms CreateObjectMapping: 0.215500 ms MarkObjects: 4.769400 ms  DeleteObjects: 0.476300 ms)

AssetImportParameters requested are different than current active one (requested -> active):
  custom:video-decoder-ogg-theora: a1e56fd34408186e4bbccfd4996cb3dc -> 
  custom:container-muxer-webm: aa71ff27fc2769a1b78a27578f13a17b -> 
  custom:container-demuxer-webm: 4f35f7cbe854078d1ac9338744f61a02 -> 
  custom:video-encoder-webm-vp8: eb34c28f22e8b96e1ab97ce403110664 -> 
  custom:audio-encoder-webm-vorbis: bf7c407c2cedff20999df2af8eb42d56 -> 
  custom:framework-win-MediaFoundation: 216162199b28c13a410421893ffa2e32 -> 
  custom:container-demuxer-ogg: 62fdf1f143b41e24485cea50d1cbac27 -> 
  custom:video-decoder-webm-vp8: 9c59270c3fd7afecdb556c50c9e8de78 -> 
  custom:audio-decoder-ogg-vorbis: bf7c407c2cedff20999df2af8eb42d56 -> 
========================================================================
Received Import Request.
  Time since last request: 1037064.864245 seconds.
  path: Assets/#Main/06_Assets/Railing/Railing_orm.png
  artifactKey: Guid(e1da6e40d61b0174584679b3be72d2fa) Importer(815301076,1909f56bfc062723c751e8b465ee728b)
Start importing Assets/#Main/06_Assets/Railing/Railing_orm.png using Guid(e1da6e40d61b0174584679b3be72d2fa) Importer(815301076,1909f56bfc062723c751e8b465ee728b)  -> (artifact id: 'e03780ca67d5aae44e1d5c70c4e66d13') in 0.127952 seconds 
========================================================================
Received Import Request.
  Time since last request: 22.624240 seconds.
  path: Assets/#Main/06_Assets/Railing/Railing_alb.png
  artifactKey: Guid(3a3d02f202c82f5449fabed1cfe081cc) Importer(815301076,1909f56bfc062723c751e8b465ee728b)
Start importing Assets/#Main/06_Assets/Railing/Railing_alb.png using Guid(3a3d02f202c82f5449fabed1cfe081cc) Importer(815301076,1909f56bfc062723c751e8b465ee728b)  -> (artifact id: 'c801940a3c1717d296fb26817cc5cbb2') in 0.019957 seconds 
========================================================================
Received Import Request.
  Time since last request: 1.881491 seconds.
  path: Assets/#Main/06_Assets/Railing/Railing_nrm.png
  artifactKey: Guid(6b66e14f4344afb418fb22b556aece3c) Importer(815301076,1909f56bfc062723c751e8b465ee728b)
Start importing Assets/#Main/06_Assets/Railing/Railing_nrm.png using Guid(6b66e14f4344afb418fb22b556aece3c) Importer(815301076,1909f56bfc062723c751e8b465ee728b)  -> (artifact id: '054ea86a804c8c53d324589397b92b59') in 0.063732 seconds 
========================================================================
Received Import Request.
  Time since last request: 69.085756 seconds.
  path: Assets/#Main/06_Assets/SaloonDoor/SwingDoor_alb.png
  artifactKey: Guid(387faa427a081bd4bbc257b217838e9a) Importer(815301076,1909f56bfc062723c751e8b465ee728b)
Start importing Assets/#Main/06_Assets/SaloonDoor/SwingDoor_alb.png using Guid(387faa427a081bd4bbc257b217838e9a) Importer(815301076,1909f56bfc062723c751e8b465ee728b)  -> (artifact id: '4c3d26687f57654cc51b850c55d238d5') in 0.020331 seconds 
========================================================================
Received Import Request.
  Time since last request: 4.083509 seconds.
  path: Assets/#Main/06_Assets/SaloonDoor/SwingDoor_orm.png
  artifactKey: Guid(9193ff6110797074bbcf09c06218cd4c) Importer(815301076,1909f56bfc062723c751e8b465ee728b)
Start importing Assets/#Main/06_Assets/SaloonDoor/SwingDoor_orm.png using Guid(9193ff6110797074bbcf09c06218cd4c) Importer(815301076,1909f56bfc062723c751e8b465ee728b)  -> (artifact id: '186278c8a0c8d05fafe733d6455809d2') in 0.018746 seconds 
========================================================================
Received Import Request.
  Time since last request: 2.293776 seconds.
  path: Assets/#Main/06_Assets/SaloonDoor/SwingDoor_nrm.png
  artifactKey: Guid(7edcb58b454032d40ac6730b230d41df) Importer(815301076,1909f56bfc062723c751e8b465ee728b)
Start importing Assets/#Main/06_Assets/SaloonDoor/SwingDoor_nrm.png using Guid(7edcb58b454032d40ac6730b230d41df) Importer(815301076,1909f56bfc062723c751e8b465ee728b)  -> (artifact id: 'f03fc67fef247cd5cdb530d06621cde2') in 0.022155 seconds 
========================================================================
Received Import Request.
  Time since last request: 79.479175 seconds.
  path: Assets/#Main/06_Assets/SandGround/Ground_alb.png
  artifactKey: Guid(24658d8b3b6d57649ba38c8f17a3bb7e) Importer(815301076,1909f56bfc062723c751e8b465ee728b)
Start importing Assets/#Main/06_Assets/SandGround/Ground_alb.png using Guid(24658d8b3b6d57649ba38c8f17a3bb7e) Importer(815301076,1909f56bfc062723c751e8b465ee728b)  -> (artifact id: '8a5fd724a1dbcf0fb4c64055937bb047') in 0.019151 seconds 
========================================================================
Received Import Request.
  Time since last request: 1.736225 seconds.
  path: Assets/#Main/06_Assets/SandGround/Ground_nrm.png
  artifactKey: Guid(c8eb090623b93b34fbbe0789e0d2d5f7) Importer(815301076,1909f56bfc062723c751e8b465ee728b)
Start importing Assets/#Main/06_Assets/SandGround/Ground_nrm.png using Guid(c8eb090623b93b34fbbe0789e0d2d5f7) Importer(815301076,1909f56bfc062723c751e8b465ee728b)  -> (artifact id: '01084e17d953f1956a50f1543695cec5') in 0.023520 seconds 
========================================================================
Received Import Request.
  Time since last request: 1.495413 seconds.
  path: Assets/#Main/06_Assets/SandGround/Ground_orm.png
  artifactKey: Guid(d943167720ea4ff49b3ecd34c5cb0dcd) Importer(815301076,1909f56bfc062723c751e8b465ee728b)
Start importing Assets/#Main/06_Assets/SandGround/Ground_orm.png using Guid(d943167720ea4ff49b3ecd34c5cb0dcd) Importer(815301076,1909f56bfc062723c751e8b465ee728b)  -> (artifact id: '78660ad9cfe3eb30d41d1b76a76031af') in 0.020674 seconds 
========================================================================
Received Import Request.
  Time since last request: 61.713705 seconds.
  path: Assets/#Main/06_Assets/SandStoneWall/SandstoneWall_alb.png
  artifactKey: Guid(5935d694deb52da4c82d0a18b4718df9) Importer(815301076,1909f56bfc062723c751e8b465ee728b)
Start importing Assets/#Main/06_Assets/SandStoneWall/SandstoneWall_alb.png using Guid(5935d694deb52da4c82d0a18b4718df9) Importer(815301076,1909f56bfc062723c751e8b465ee728b)  -> (artifact id: '1b0788545fa8b1c02041d97f08496e9a') in 0.020822 seconds 
========================================================================
Received Import Request.
  Time since last request: 1.806276 seconds.
  path: Assets/#Main/06_Assets/SandStoneWall/SandstoneWall_nrm.png
  artifactKey: Guid(41113d146ac6f924ca3a85c928bb5806) Importer(815301076,1909f56bfc062723c751e8b465ee728b)
Start importing Assets/#Main/06_Assets/SandStoneWall/SandstoneWall_nrm.png using Guid(41113d146ac6f924ca3a85c928bb5806) Importer(815301076,1909f56bfc062723c751e8b465ee728b)  -> (artifact id: 'f189bf9f4cba3e2da2a76b634272b93f') in 0.021559 seconds 
========================================================================
Received Import Request.
  Time since last request: 1.426401 seconds.
  path: Assets/#Main/06_Assets/SandStoneWall/SandstoneWall_orm.png
  artifactKey: Guid(12a558c2f1afa734e85acd2becaed212) Importer(815301076,1909f56bfc062723c751e8b465ee728b)
Start importing Assets/#Main/06_Assets/SandStoneWall/SandstoneWall_orm.png using Guid(12a558c2f1afa734e85acd2becaed212) Importer(815301076,1909f56bfc062723c751e8b465ee728b)  -> (artifact id: 'dd050e2d6356cc64a6bb7a98e1002b43') in 0.019006 seconds 
========================================================================
Received Import Request.
  Time since last request: 14.793560 seconds.
  path: Assets/#Main/06_Assets/Railing/Railing_mat.mat
  artifactKey: Guid(c3786d02fcfe5174281f72d7980542df) Importer(815301076,1909f56bfc062723c751e8b465ee728b)
Start importing Assets/#Main/06_Assets/Railing/Railing_mat.mat using Guid(c3786d02fcfe5174281f72d7980542df) Importer(815301076,1909f56bfc062723c751e8b465ee728b)  -> (artifact id: '54cdcd724581ede2677bdb759445fa95') in 6.204434 seconds 
========================================================================
Received Import Request.
  Time since last request: 76.069611 seconds.
  path: Assets/#Main/06_Assets/Shelves/ShelvesMount_alb.png
  artifactKey: Guid(4e214cda41c0d024a950f4724f4f03f1) Importer(815301076,1909f56bfc062723c751e8b465ee728b)
Start importing Assets/#Main/06_Assets/Shelves/ShelvesMount_alb.png using Guid(4e214cda41c0d024a950f4724f4f03f1) Importer(815301076,1909f56bfc062723c751e8b465ee728b)  -> (artifact id: 'be81dc47e9e05e704aaa664743a2a94c') in 0.020715 seconds 
========================================================================
Received Import Request.
  Time since last request: 18.126571 seconds.
  path: Assets/#Main/06_Assets/Shelves/Shelves_alb.png
  artifactKey: Guid(4367f130700b52343848127fcc95844b) Importer(815301076,1909f56bfc062723c751e8b465ee728b)
Start importing Assets/#Main/06_Assets/Shelves/Shelves_alb.png using Guid(4367f130700b52343848127fcc95844b) Importer(815301076,1909f56bfc062723c751e8b465ee728b)  -> (artifact id: 'ccde8d87a369567b9eaed7601e80c92f') in 0.021620 seconds 
========================================================================
Received Import Request.
  Time since last request: 1.895034 seconds.
  path: Assets/#Main/06_Assets/Shelves/Shelves_nrm.png
  artifactKey: Guid(33eab61c232b89546bd0f54f1541aa1d) Importer(815301076,1909f56bfc062723c751e8b465ee728b)
Start importing Assets/#Main/06_Assets/Shelves/Shelves_nrm.png using Guid(33eab61c232b89546bd0f54f1541aa1d) Importer(815301076,1909f56bfc062723c751e8b465ee728b)  -> (artifact id: '850aa82768db6dfecc61f38f9519d389') in 0.031852 seconds 
========================================================================
Received Import Request.
  Time since last request: 1.496283 seconds.
  path: Assets/#Main/06_Assets/Shelves/Shelves_orm.png
  artifactKey: Guid(be544a182f99f6e4faa8f3994f603fe7) Importer(815301076,1909f56bfc062723c751e8b465ee728b)
Start importing Assets/#Main/06_Assets/Shelves/Shelves_orm.png using Guid(be544a182f99f6e4faa8f3994f603fe7) Importer(815301076,1909f56bfc062723c751e8b465ee728b)  -> (artifact id: 'b817fea3585fa2644c8b2c61ff4a60de') in 0.027962 seconds 
========================================================================
Received Import Request.
  Time since last request: 4.462364 seconds.
  path: Assets/#Main/06_Assets/Shelves/ShelvesMount_orm.png
  artifactKey: Guid(a3143b14be52718428f9bb8c724b9a11) Importer(815301076,1909f56bfc062723c751e8b465ee728b)
Start importing Assets/#Main/06_Assets/Shelves/ShelvesMount_orm.png using Guid(a3143b14be52718428f9bb8c724b9a11) Importer(815301076,1909f56bfc062723c751e8b465ee728b)  -> (artifact id: '9e1df0da015a84e54e66b51d7fa6db11') in 0.019277 seconds 
========================================================================
Received Import Request.
  Time since last request: 25.501442 seconds.
  path: Assets/#Main/06_Assets/Shelves/ShelvesMount_nrm.png
  artifactKey: Guid(5476c68761b11484ca833ca202220501) Importer(815301076,1909f56bfc062723c751e8b465ee728b)
Start importing Assets/#Main/06_Assets/Shelves/ShelvesMount_nrm.png using Guid(5476c68761b11484ca833ca202220501) Importer(815301076,1909f56bfc062723c751e8b465ee728b)  -> (artifact id: '133c20c8ac0ed7e66de2958da7fc0279') in 0.021065 seconds 
========================================================================
Received Import Request.
  Time since last request: 63.635028 seconds.
  path: Assets/#Main/06_Assets/Cards/HeartsNDiamonds.png
  artifactKey: Guid(11cc89af08fc6424492257f2975530dd) Importer(815301076,1909f56bfc062723c751e8b465ee728b)
Start importing Assets/#Main/06_Assets/Cards/HeartsNDiamonds.png using Guid(11cc89af08fc6424492257f2975530dd) Importer(815301076,1909f56bfc062723c751e8b465ee728b)  -> (artifact id: 'b7ef1f1db7f878d166fd163c3200eb38') in 0.022293 seconds 
========================================================================
Received Import Request.
  Time since last request: 0.648128 seconds.
  path: Assets/#Main/06_Assets/BottleA/Cork_orm.png
  artifactKey: Guid(475e3cce7fbc3c849a111619e08119a9) Importer(815301076,1909f56bfc062723c751e8b465ee728b)
Start importing Assets/#Main/06_Assets/BottleA/Cork_orm.png using Guid(475e3cce7fbc3c849a111619e08119a9) Importer(815301076,1909f56bfc062723c751e8b465ee728b)  -> (artifact id: 'b5c430d065d9a10704b7fb43857a8567') in 0.020095 seconds 
========================================================================
Received Import Request.
  Time since last request: 0.147007 seconds.
  path: Assets/#Main/06_Assets/BottleA/Cork_alb.png
  artifactKey: Guid(7f6535b58727b434ba8a731e7c2f63c8) Importer(815301076,1909f56bfc062723c751e8b465ee728b)
Start importing Assets/#Main/06_Assets/BottleA/Cork_alb.png using Guid(7f6535b58727b434ba8a731e7c2f63c8) Importer(815301076,1909f56bfc062723c751e8b465ee728b)  -> (artifact id: 'ff36e069f05032d099fd7760a4d548c4') in 0.021819 seconds 
========================================================================
Received Import Request.
  Time since last request: 0.000044 seconds.
  path: Assets/#Main/06_Assets/Cards/ClubsNSpades.png
  artifactKey: Guid(eed1866295783c34db524e2d5a98c2e6) Importer(815301076,1909f56bfc062723c751e8b465ee728b)
Start importing Assets/#Main/06_Assets/Cards/ClubsNSpades.png using Guid(eed1866295783c34db524e2d5a98c2e6) Importer(815301076,1909f56bfc062723c751e8b465ee728b)  -> (artifact id: 'e8fbb7b50cc4a6a94f433c574dc096ae') in 0.019637 seconds 
========================================================================
Received Import Request.
  Time since last request: 0.593495 seconds.
  path: Assets/#Main/06_Assets/Chandelier/Chandelier_nrm.png
  artifactKey: Guid(ff601817148d52147bbabc16a25ffe75) Importer(815301076,1909f56bfc062723c751e8b465ee728b)
Start importing Assets/#Main/06_Assets/Chandelier/Chandelier_nrm.png using Guid(ff601817148d52147bbabc16a25ffe75) Importer(815301076,1909f56bfc062723c751e8b465ee728b)  -> (artifact id: '91c1ee142b11d7dbc03ce0ff29a2ab8d') in 0.032452 seconds 
========================================================================
Received Import Request.
  Time since last request: 0.003811 seconds.
  path: Assets/#Main/06_Assets/ChairA/ChairA_nrm.png
  artifactKey: Guid(9aa7bc0bfb9693a45b5d188209c28dec) Importer(815301076,1909f56bfc062723c751e8b465ee728b)
Start importing Assets/#Main/06_Assets/ChairA/ChairA_nrm.png using Guid(9aa7bc0bfb9693a45b5d188209c28dec) Importer(815301076,1909f56bfc062723c751e8b465ee728b)  -> (artifact id: 'f8c6e2277483b1f8bb929d7c88a897bc') in 0.036709 seconds 
========================================================================
Received Import Request.
  Time since last request: 0.000041 seconds.
  path: Assets/#Main/06_Assets/BottleD/BottleD_orm.png
  artifactKey: Guid(5445bcdab02cc0d4fa6283e9dc9ad333) Importer(815301076,1909f56bfc062723c751e8b465ee728b)
Start importing Assets/#Main/06_Assets/BottleD/BottleD_orm.png using Guid(5445bcdab02cc0d4fa6283e9dc9ad333) Importer(815301076,1909f56bfc062723c751e8b465ee728b)  -> (artifact id: '4cb186d1a3fb39dcfa5202e5d22cce01') in 0.033172 seconds 
========================================================================
Received Import Request.
  Time since last request: 0.000041 seconds.
  path: Assets/#Main/06_Assets/BottleA/BottleALabel_nrm.png
  artifactKey: Guid(c5d83f20197ae6d4fa04b91441c3fb0d) Importer(815301076,1909f56bfc062723c751e8b465ee728b)
Start importing Assets/#Main/06_Assets/BottleA/BottleALabel_nrm.png using Guid(c5d83f20197ae6d4fa04b91441c3fb0d) Importer(815301076,1909f56bfc062723c751e8b465ee728b)  -> (artifact id: '2680acd87ffccd9cd5c11534c36ed557') in 0.026988 seconds 
========================================================================
Received Import Request.
  Time since last request: 0.000954 seconds.
  path: Assets/#Main/06_Assets/BottleD/BottleD_alb.png
  artifactKey: Guid(766e6c4c93fe19b468475152fd1c92f5) Importer(815301076,1909f56bfc062723c751e8b465ee728b)
Start importing Assets/#Main/06_Assets/BottleD/BottleD_alb.png using Guid(766e6c4c93fe19b468475152fd1c92f5) Importer(815301076,1909f56bfc062723c751e8b465ee728b)  -> (artifact id: '9ed33835bf99845fe30cc30a2959fba2') in 0.037356 seconds 
========================================================================
Received Import Request.
  Time since last request: 0.000048 seconds.
  path: Assets/#Main/06_Assets/BottleB/BottleB_alb.png
  artifactKey: Guid(5b99a9304b4f552469ffc1931b8c307f) Importer(815301076,1909f56bfc062723c751e8b465ee728b)
Start importing Assets/#Main/06_Assets/BottleB/BottleB_alb.png using Guid(5b99a9304b4f552469ffc1931b8c307f) Importer(815301076,1909f56bfc062723c751e8b465ee728b)  -> (artifact id: '5312d937c1424997a794f1edad9568b3') in 0.032696 seconds 
========================================================================
Received Import Request.
  Time since last request: 0.000060 seconds.
  path: Assets/#Main/06_Assets/Bar/Bar_nrm.png
  artifactKey: Guid(f980ab923d1f27a49b538a5d1d940f11) Importer(815301076,1909f56bfc062723c751e8b465ee728b)
Start importing Assets/#Main/06_Assets/Bar/Bar_nrm.png using Guid(f980ab923d1f27a49b538a5d1d940f11) Importer(815301076,1909f56bfc062723c751e8b465ee728b)  -> (artifact id: 'd0cdee5cd662d397f4fc1fffd2d75672') in 0.026761 seconds 
========================================================================
Received Import Request.
  Time since last request: 0.000055 seconds.
  path: Assets/#Main/06_Assets/BottleC/BottleC_nrm.png
  artifactKey: Guid(e89d23f169ced1a47bc2cedfe0047226) Importer(815301076,1909f56bfc062723c751e8b465ee728b)
Start importing Assets/#Main/06_Assets/BottleC/BottleC_nrm.png using Guid(e89d23f169ced1a47bc2cedfe0047226) Importer(815301076,1909f56bfc062723c751e8b465ee728b)  -> (artifact id: 'd7eaf322ae491347e3e154dafa7c9b04') in 0.026872 seconds 
========================================================================
Received Import Request.
  Time since last request: 0.000042 seconds.
  path: Assets/#Main/06_Assets/BottleB/BottleB_nrm.png
  artifactKey: Guid(40a0b5f6fa3f6af4e8a33fe3a422e52e) Importer(815301076,1909f56bfc062723c751e8b465ee728b)
Start importing Assets/#Main/06_Assets/BottleB/BottleB_nrm.png using Guid(40a0b5f6fa3f6af4e8a33fe3a422e52e) Importer(815301076,1909f56bfc062723c751e8b465ee728b)  -> (artifact id: '95df7452a6977d79ac7d44cdf51bced0') in 0.028142 seconds 
========================================================================
Received Import Request.
  Time since last request: 55.037165 seconds.
  path: Assets/#Main/06_Assets/Stair/Stair_alb.png
  artifactKey: Guid(914e17da0e1f06649a8787d9bb7e33bf) Importer(815301076,1909f56bfc062723c751e8b465ee728b)
Start importing Assets/#Main/06_Assets/Stair/Stair_alb.png using Guid(914e17da0e1f06649a8787d9bb7e33bf) Importer(815301076,1909f56bfc062723c751e8b465ee728b)  -> (artifact id: 'cc54604d771484f1e6a2952bc38e066c') in 0.035526 seconds 
========================================================================
Received Import Request.
  Time since last request: 1.688632 seconds.
  path: Assets/#Main/06_Assets/Stair/Stair_orm.png
  artifactKey: Guid(91993e2028e184f4e91d53ad30450711) Importer(815301076,1909f56bfc062723c751e8b465ee728b)
Start importing Assets/#Main/06_Assets/Stair/Stair_orm.png using Guid(91993e2028e184f4e91d53ad30450711) Importer(815301076,1909f56bfc062723c751e8b465ee728b)  -> (artifact id: 'c81cb8b6868aef887cfa1eaabef8ea91') in 0.021358 seconds 
========================================================================
Received Import Request.
  Time since last request: 1.667961 seconds.
  path: Assets/#Main/06_Assets/Stair/Stair_nrm.png
  artifactKey: Guid(1db67cca8388050469a2a26e30dd427c) Importer(815301076,1909f56bfc062723c751e8b465ee728b)
Start importing Assets/#Main/06_Assets/Stair/Stair_nrm.png using Guid(1db67cca8388050469a2a26e30dd427c) Importer(815301076,1909f56bfc062723c751e8b465ee728b)  -> (artifact id: '695b593351f564e2dac2f84e610bc60a') in 0.023620 seconds 
========================================================================
Received Import Request.
  Time since last request: 15.211522 seconds.
  path: Assets/#Main/06_Assets/SupportBeam/SupportBeam_orm.png
  artifactKey: Guid(890e1b3416c702b4596763bd926ecceb) Importer(815301076,1909f56bfc062723c751e8b465ee728b)
Start importing Assets/#Main/06_Assets/SupportBeam/SupportBeam_orm.png using Guid(890e1b3416c702b4596763bd926ecceb) Importer(815301076,1909f56bfc062723c751e8b465ee728b)  -> (artifact id: 'cd8ea3633683ad1a8d47a3e2e80ec8f9') in 0.018512 seconds 
========================================================================
Received Import Request.
  Time since last request: 21.536289 seconds.
  path: Assets/#Main/06_Assets/SupportBeam/SupportBeam_nrm.png
  artifactKey: Guid(2c56d13cd3d523b41a26e521d23c2926) Importer(815301076,1909f56bfc062723c751e8b465ee728b)
Start importing Assets/#Main/06_Assets/SupportBeam/SupportBeam_nrm.png using Guid(2c56d13cd3d523b41a26e521d23c2926) Importer(815301076,1909f56bfc062723c751e8b465ee728b)  -> (artifact id: 'd5efadccb06e97bd53f33b01a299087b') in 0.022357 seconds 
========================================================================
Received Import Request.
  Time since last request: 1.755614 seconds.
  path: Assets/#Main/06_Assets/SupportBeam/SupportBeam_alb.png
  artifactKey: Guid(70591b6dcfa70e24ab5c4aa549161b05) Importer(815301076,1909f56bfc062723c751e8b465ee728b)
Start importing Assets/#Main/06_Assets/SupportBeam/SupportBeam_alb.png using Guid(70591b6dcfa70e24ab5c4aa549161b05) Importer(815301076,1909f56bfc062723c751e8b465ee728b)  -> (artifact id: '4bba2a8668f14d815abb346f344cc91f') in 0.019538 seconds 
========================================================================
Received Import Request.
  Time since last request: 43.058230 seconds.
  path: Assets/#Main/06_Assets/TableA/TableA_mdl.fbx
  artifactKey: Guid(74f0088d4314c9049a39a1d0712743ac) Importer(815301076,1909f56bfc062723c751e8b465ee728b)
Start importing Assets/#Main/06_Assets/TableA/TableA_mdl.fbx using Guid(74f0088d4314c9049a39a1d0712743ac) Importer(815301076,1909f56bfc062723c751e8b465ee728b)  -> (artifact id: 'b919f2d29e042371ed28aaf71c3dcec7') in 0.126240 seconds 
========================================================================
Received Import Request.
  Time since last request: 0.247333 seconds.
  path: Assets/#Main/06_Assets/TableA/TableA_nrm.png
  artifactKey: Guid(35fed802cae266a4c8f0e390a8ca1db6) Importer(815301076,1909f56bfc062723c751e8b465ee728b)
Start importing Assets/#Main/06_Assets/TableA/TableA_nrm.png using Guid(35fed802cae266a4c8f0e390a8ca1db6) Importer(815301076,1909f56bfc062723c751e8b465ee728b)  -> (artifact id: '10bd534ef2ae470292d94c9fccf1be9c') in 0.022842 seconds 
========================================================================
Received Import Request.
  Time since last request: 11.597071 seconds.
  path: Assets/#Main/06_Assets/TableA/TableA_alb.png
  artifactKey: Guid(858b8b57db6e137429fe0c49952d9324) Importer(815301076,1909f56bfc062723c751e8b465ee728b)
Start importing Assets/#Main/06_Assets/TableA/TableA_alb.png using Guid(858b8b57db6e137429fe0c49952d9324) Importer(815301076,1909f56bfc062723c751e8b465ee728b)  -> (artifact id: '68aa74dc1efe502079aa1e2bf86c73e4') in 0.020724 seconds 
========================================================================
Received Import Request.
  Time since last request: 3.293757 seconds.
  path: Assets/#Main/06_Assets/TableA/TableA_orm.png
  artifactKey: Guid(25948c74342452f478a8e42eea76fcf6) Importer(815301076,1909f56bfc062723c751e8b465ee728b)
Start importing Assets/#Main/06_Assets/TableA/TableA_orm.png using Guid(25948c74342452f478a8e42eea76fcf6) Importer(815301076,1909f56bfc062723c751e8b465ee728b)  -> (artifact id: '5026c576432da4e15ff53b1d25f151ae') in 0.020015 seconds 
========================================================================
Received Import Request.
  Time since last request: 9.368478 seconds.
  path: Assets/#Main/06_Assets/TableB/TableB_mdl.fbx
  artifactKey: Guid(9305e48429d1c4242b0bd2c532208a87) Importer(815301076,1909f56bfc062723c751e8b465ee728b)
Start importing Assets/#Main/06_Assets/TableB/TableB_mdl.fbx using Guid(9305e48429d1c4242b0bd2c532208a87) Importer(815301076,1909f56bfc062723c751e8b465ee728b)  -> (artifact id: 'cba538ff7b7aeeb6fb6208ead84fc055') in 0.076585 seconds 
========================================================================
Received Import Request.
  Time since last request: 16.219614 seconds.
  path: Assets/#Main/06_Assets/TableB/TableB_alb.png
  artifactKey: Guid(67d922e0cc2b5954b80b2ab14338c46a) Importer(815301076,1909f56bfc062723c751e8b465ee728b)
Start importing Assets/#Main/06_Assets/TableB/TableB_alb.png using Guid(67d922e0cc2b5954b80b2ab14338c46a) Importer(815301076,1909f56bfc062723c751e8b465ee728b)  -> (artifact id: 'ae86a18152c426b8efc0dfecf886677f') in 0.019838 seconds 
========================================================================
Received Import Request.
  Time since last request: 2.412044 seconds.
  path: Assets/#Main/06_Assets/TableB/TableB_nrm.png
  artifactKey: Guid(598aca8d45b355a48892ad1b6a81420b) Importer(815301076,1909f56bfc062723c751e8b465ee728b)
Start importing Assets/#Main/06_Assets/TableB/TableB_nrm.png using Guid(598aca8d45b355a48892ad1b6a81420b) Importer(815301076,1909f56bfc062723c751e8b465ee728b)  -> (artifact id: 'b49adcc50356b9b34d88e9583149e63b') in 0.021417 seconds 
========================================================================
Received Import Request.
  Time since last request: 2.458247 seconds.
  path: Assets/#Main/06_Assets/TableB/TableB_orm.png
  artifactKey: Guid(d492ea0e8d9979d4f8d80915571d3057) Importer(815301076,1909f56bfc062723c751e8b465ee728b)
Start importing Assets/#Main/06_Assets/TableB/TableB_orm.png using Guid(d492ea0e8d9979d4f8d80915571d3057) Importer(815301076,1909f56bfc062723c751e8b465ee728b)  -> (artifact id: '572f3dd1d766b9f517aa31b1d55a4ac6') in 0.019693 seconds 
========================================================================
Received Import Request.
  Time since last request: 7.091541 seconds.
  path: Assets/#Main/06_Assets/TreeColumns/Tree_orm.png
  artifactKey: Guid(62bdb9c3ae1feb243a27082454c49c7b) Importer(815301076,1909f56bfc062723c751e8b465ee728b)
Start importing Assets/#Main/06_Assets/TreeColumns/Tree_orm.png using Guid(62bdb9c3ae1feb243a27082454c49c7b) Importer(815301076,1909f56bfc062723c751e8b465ee728b)  -> (artifact id: '4dfc17151a7c0a1f45974e6a23318be2') in 0.018246 seconds 
========================================================================
Received Import Request.
  Time since last request: 9.431918 seconds.
  path: Assets/#Main/06_Assets/TreeColumns/Tree_alb.png
  artifactKey: Guid(fd1af792bfe27c043996db76e16da0a5) Importer(815301076,1909f56bfc062723c751e8b465ee728b)
Start importing Assets/#Main/06_Assets/TreeColumns/Tree_alb.png using Guid(fd1af792bfe27c043996db76e16da0a5) Importer(815301076,1909f56bfc062723c751e8b465ee728b)  -> (artifact id: '5d39840f345a46d13356707bbd903cc7') in 0.024082 seconds 
========================================================================
Received Import Request.
  Time since last request: 2.510129 seconds.
  path: Assets/#Main/06_Assets/TreeColumns/Tree_nrm.png
  artifactKey: Guid(462b7470c61ce8442993416d91454031) Importer(815301076,1909f56bfc062723c751e8b465ee728b)
Start importing Assets/#Main/06_Assets/TreeColumns/Tree_nrm.png using Guid(462b7470c61ce8442993416d91454031) Importer(815301076,1909f56bfc062723c751e8b465ee728b)  -> (artifact id: 'dc1ac189237b7ef802fc6219faf07a79') in 0.022596 seconds 
========================================================================
Received Import Request.
  Time since last request: 90.657181 seconds.
  path: Assets/#Main/01_Scenes/Saloon_scn/GlobalVolume Profile.asset
  artifactKey: Guid(bfbc3310b730e22469bc2b22f3cc243b) Importer(815301076,1909f56bfc062723c751e8b465ee728b)
Start importing Assets/#Main/01_Scenes/Saloon_scn/GlobalVolume Profile.asset using Guid(bfbc3310b730e22469bc2b22f3cc243b) Importer(815301076,1909f56bfc062723c751e8b465ee728b)  -> (artifact id: '055c4a6a20113ad0b94200b03b534bfb') in 0.011008 seconds 
========================================================================
Received Import Request.
  Time since last request: 641.188438 seconds.
  path: Assets/#Main/06_Assets/BottleD/BottleD_mdl.fbx
  artifactKey: Guid(a1bcd0923285539448ce2148d2a00644) Importer(815301076,1909f56bfc062723c751e8b465ee728b)
Start importing Assets/#Main/06_Assets/BottleD/BottleD_mdl.fbx using Guid(a1bcd0923285539448ce2148d2a00644) Importer(815301076,1909f56bfc062723c751e8b465ee728b)  -> (artifact id: '2c4e1d345d9bf075c550ce33c9bdea39') in 0.101896 seconds 
========================================================================
Received Import Request.
  Time since last request: 0.000058 seconds.
  path: Assets/#Main/06_Assets/Cards/CardsIndividual_mdl_mdl.fbx
  artifactKey: Guid(ca665febcf75ddd4085fd90911b684a5) Importer(815301076,1909f56bfc062723c751e8b465ee728b)
Start importing Assets/#Main/06_Assets/Cards/CardsIndividual_mdl_mdl.fbx using Guid(ca665febcf75ddd4085fd90911b684a5) Importer(815301076,1909f56bfc062723c751e8b465ee728b)  -> (artifact id: 'c376044130d93de97f16bc32d2bc8265') in 1.022568 seconds 
========================================================================
Received Import Request.
  Time since last request: 0.000052 seconds.
  path: Assets/#Main/06_Assets/Cards/CardsOnTable_mdl.fbx
  artifactKey: Guid(20c7771b8ea23c4468357df989c6dab0) Importer(815301076,1909f56bfc062723c751e8b465ee728b)
Start importing Assets/#Main/06_Assets/Cards/CardsOnTable_mdl.fbx using Guid(20c7771b8ea23c4468357df989c6dab0) Importer(815301076,1909f56bfc062723c751e8b465ee728b)  -> (artifact id: '2e15e5580a3d2440bd835a9005457783') in 0.081385 seconds 
========================================================================
Received Import Request.
  Time since last request: 0.000062 seconds.
  path: Assets/#Main/06_Assets/Chandelier/Chandelier_mat.mat
  artifactKey: Guid(01ddb42d767de014fba317c6379f1f1b) Importer(815301076,1909f56bfc062723c751e8b465ee728b)
Start importing Assets/#Main/06_Assets/Chandelier/Chandelier_mat.mat using Guid(01ddb42d767de014fba317c6379f1f1b) Importer(815301076,1909f56bfc062723c751e8b465ee728b)  -> (artifact id: '188412a2bac54e498ba63b8c2d4857dc') in 0.037240 seconds 
========================================================================
Received Import Request.
  Time since last request: 0.000047 seconds.
  path: Assets/#Main/06_Assets/Chips/Chips_mdl.fbx
  artifactKey: Guid(a89a293c08619e84caecdd338791712b) Importer(815301076,1909f56bfc062723c751e8b465ee728b)
Start importing Assets/#Main/06_Assets/Chips/Chips_mdl.fbx using Guid(a89a293c08619e84caecdd338791712b) Importer(815301076,1909f56bfc062723c751e8b465ee728b)  -> (artifact id: '332ef27040f80814b969def88e053b4e') in 0.094025 seconds 
========================================================================
Received Import Request.
  Time since last request: 0.000043 seconds.
  path: Assets/#Main/06_Assets/Chandelier/Chandelier_mdl.fbx
  artifactKey: Guid(80f46d248cbcd6845bd7187b5a1c088e) Importer(815301076,1909f56bfc062723c751e8b465ee728b)
Start importing Assets/#Main/06_Assets/Chandelier/Chandelier_mdl.fbx using Guid(80f46d248cbcd6845bd7187b5a1c088e) Importer(815301076,1909f56bfc062723c751e8b465ee728b)  -> (artifact id: '2da378fd8d40a9e9ece54ab897f4be80') in 0.053755 seconds 
========================================================================
Received Import Request.
  Time since last request: 0.000047 seconds.
  path: Assets/#Main/06_Assets/Chips/Chips_mat.mat
  artifactKey: Guid(40ad6c852b83c1e41998f149c3e91f94) Importer(815301076,1909f56bfc062723c751e8b465ee728b)
Start importing Assets/#Main/06_Assets/Chips/Chips_mat.mat using Guid(40ad6c852b83c1e41998f149c3e91f94) Importer(815301076,1909f56bfc062723c751e8b465ee728b)  -> (artifact id: '14caa0817e766f83ae08681c224fbfa6') in 0.037799 seconds 
Editor requested this worker to shutdown with reason: Scaling down because of idle timeout
AssetImportWorker is now disconnected from the server
Process exiting
Exiting without the bug reporter. Application will terminate with return code 0